0 info it worked if it ends with ok
1 verbose cli [ 'E:\\nodejs\\\\node.exe',
1 verbose cli   'E:\\nodejs\\node_modules\\npm\\bin\\npm-cli.js',
1 verbose cli   'install',
1 verbose cli   '-g',
1 verbose cli   'node-expat' ]
2 info using npm@1.4.6
3 info using node@v0.11.14-nightly-20140819-pre
4 verbose node symlink E:\nodejs\\node.exe
5 verbose cache add [ 'node-expat', null ]
6 verbose cache add name=undefined spec="node-expat" args=["node-expat",null]
7 verbose parsed url { protocol: null,
7 verbose parsed url   slashes: null,
7 verbose parsed url   auth: null,
7 verbose parsed url   host: null,
7 verbose parsed url   port: null,
7 verbose parsed url   hostname: null,
7 verbose parsed url   hash: null,
7 verbose parsed url   search: null,
7 verbose parsed url   query: null,
7 verbose parsed url   pathname: 'node-expat',
7 verbose parsed url   path: 'node-expat',
7 verbose parsed url   href: 'node-expat' }
8 silly lockFile b3f7a70b-node-expat node-expat
9 verbose lock node-expat C:\Users\Administrator\AppData\Roaming\npm-cache\b3f7a70b-node-expat.lock
10 silly lockFile b3f7a70b-node-expat node-expat
11 silly lockFile b3f7a70b-node-expat node-expat
12 verbose addNamed [ 'node-expat', '' ]
13 verbose addNamed [ null, '*' ]
14 silly lockFile e847ba55-node-expat node-expat@
15 verbose lock node-expat@ C:\Users\Administrator\AppData\Roaming\npm-cache\e847ba55-node-expat.lock
16 silly addNameRange { name: 'node-expat', range: '*', hasData: false }
17 verbose url raw node-expat
18 verbose url resolving [ 'http://registry.cnpmjs.org/', './node-expat' ]
19 verbose url resolved http://registry.cnpmjs.org/node-expat
20 info trying registry request attempt 1 at 19:09:20
21 verbose etag "1414357421000"
22 http GET http://registry.cnpmjs.org/node-expat
23 http 304 http://registry.cnpmjs.org/node-expat
24 silly registry.get cb [ 304,
24 silly registry.get   { server: 'nginx/1.4.6 (Ubuntu)',
24 silly registry.get     date: 'Fri, 07 Nov 2014 11:09:29 GMT',
24 silly registry.get     connection: 'close',
24 silly registry.get     'x-powered-by': 'koa',
24 silly registry.get     etag: '"1414357421000"',
24 silly registry.get     'x-readtime': '18' } ]
25 verbose etag node-expat from cache
26 silly addNameRange number 2 { name: 'node-expat', range: '*', hasData: true }
27 silly addNameRange versions [ 'node-expat',
27 silly addNameRange   [ '2.3.2',
27 silly addNameRange     '2.3.1',
27 silly addNameRange     '2.3.0',
27 silly addNameRange     '2.2.0',
27 silly addNameRange     '2.1.4',
27 silly addNameRange     '2.1.3',
27 silly addNameRange     '2.1.2',
27 silly addNameRange     '2.1.1',
27 silly addNameRange     '2.1.0',
27 silly addNameRange     '2.0.0',
27 silly addNameRange     '1.6.1',
27 silly addNameRange     '1.6.0',
27 silly addNameRange     '1.5.0',
27 silly addNameRange     '1.4.5',
27 silly addNameRange     '1.4.4',
27 silly addNameRange     '1.4.3',
27 silly addNameRange     '1.4.2',
27 silly addNameRange     '1.4.1',
27 silly addNameRange     '1.4.0',
27 silly addNameRange     '1.3.2',
27 silly addNameRange     '1.3.1',
27 silly addNameRange     '1.3.0',
27 silly addNameRange     '0.0.5',
27 silly addNameRange     '0.0.6',
27 silly addNameRange     '1.1.1',
27 silly addNameRange     '1.1.0',
27 silly addNameRange     '1.0.1',
27 silly addNameRange     '1.0.0',
27 silly addNameRange     '0.0.4',
27 silly addNameRange     '1.2.0' ] ]
28 verbose addNamed [ 'node-expat', '2.3.2' ]
29 verbose addNamed [ '2.3.2', '2.3.2' ]
30 silly lockFile 369ac908-node-expat-2-3-2 node-expat@2.3.2
31 verbose lock node-expat@2.3.2 C:\Users\Administrator\AppData\Roaming\npm-cache\369ac908-node-expat-2-3-2.lock
32 silly lockFile 369ac908-node-expat-2-3-2 node-expat@2.3.2
33 silly lockFile 369ac908-node-expat-2-3-2 node-expat@2.3.2
34 silly lockFile e847ba55-node-expat node-expat@
35 silly lockFile e847ba55-node-expat node-expat@
36 silly resolved [ { name: 'node-expat',
36 silly resolved     version: '2.3.2',
36 silly resolved     main: './lib/node-expat',
36 silly resolved     description: 'NodeJS binding for fast XML parsing.',
36 silly resolved     keywords: [ 'xml', 'sax', 'expat', 'libexpat', 'parse', 'parsing' ],
36 silly resolved     scripts: { test: 'vows --spec ./test.js', install: 'node-gyp rebuild' },
36 silly resolved     dependencies: { bindings: '~1.2.1', nan: '~1.3.0' },
36 silly resolved     devDependencies: { vows: '>=0.5.12', iconv: '~2.1.0' },
36 silly resolved     repository:
36 silly resolved      { type: 'git',
36 silly resolved        path: 'git://github.com/node-xmpp/node-expat.git' },
36 silly resolved     homepage: 'http://github.com/node-xmpp/node-expat',
36 silly resolved     bugs: { url: 'http://github.com/node-xmpp/node-expat/issues' },
36 silly resolved     author:
36 silly resolved      { name: 'Astro',
36 silly resolved        email: 'astro@spaceboyz.net',
36 silly resolved        url: 'http://spaceboyz.net/~astro/' },
36 silly resolved     maintainers: [ [Object] ],
36 silly resolved     contributors:
36 silly resolved      [ [Object],
36 silly resolved        [Object],
36 silly resolved        [Object],
36 silly resolved        [Object],
36 silly resolved        [Object],
36 silly resolved        [Object],
36 silly resolved        [Object],
36 silly resolved        [Object],
36 silly resolved        [Object],
36 silly resolved        [Object],
36 silly resolved        [Object],
36 silly resolved        [Object],
36 silly resolved        [Object] ],
36 silly resolved     licenses: [ [Object] ],
36 silly resolved     engines: { node: '>=0.8' },
36 silly resolved     gypfile: true,
36 silly resolved     readme: '# node-expat \n\n[![Build Status](https://travis-ci.org/node-xmpp/node-expat.png)](https://travis-ci.org/node-xmpp/node-expat)\n\n## Motivation \n\nYou use [node.js](http://github.com/ry/node) for speed? You process\nXML streams? Then you want the fastest XML parser: [libexpat](http://expat.sourceforge.net/)!\n\n## Manual\n\nPlease see the [node-expat manual](http://node-xmpp.github.io/doc/nodeexpat.html)\n\n## Install \n\nInstall node-expat:\n\n    npm i node-expat\n  \n## Testing\n\n```\nnpm test\n```\n\n\n',
36 silly resolved     readmeFilename: 'README.markdown',
36 silly resolved     _id: 'node-expat@2.3.2',
36 silly resolved     _from: 'node-expat@' } ]
37 info install node-expat@2.3.2 into e:\nodejs\global
38 info installOne node-expat@2.3.2
39 info e:\nodejs\global\node_modules\node-expat unbuild
40 verbose tar unpack c:\Users\Administrator\AppData\Roaming\npm-cache\node-expat\2.3.2\package.tgz
41 silly lockFile 01f84c91-s-global-node-modules-node-expat tar://e:\nodejs\global\node_modules\node-expat
42 verbose lock tar://e:\nodejs\global\node_modules\node-expat C:\Users\Administrator\AppData\Roaming\npm-cache\01f84c91-s-global-node-modules-node-expat.lock
43 silly lockFile 58296236-che-node-expat-2-3-2-package-tgz tar://c:\Users\Administrator\AppData\Roaming\npm-cache\node-expat\2.3.2\package.tgz
44 verbose lock tar://c:\Users\Administrator\AppData\Roaming\npm-cache\node-expat\2.3.2\package.tgz C:\Users\Administrator\AppData\Roaming\npm-cache\58296236-che-node-expat-2-3-2-package-tgz.lock
45 silly gunzTarPerm modes [ '755', '644' ]
46 silly gunzTarPerm extractEntry package.json
47 silly gunzTarPerm modified mode [ 'package.json', 438, 420 ]
48 silly gunzTarPerm extractEntry .npmignore
49 silly gunzTarPerm modified mode [ '.npmignore', 438, 420 ]
50 silly gunzTarPerm extractEntry LICENSE
51 silly gunzTarPerm modified mode [ 'LICENSE', 438, 420 ]
52 silly gunzTarPerm extractEntry bench.js
53 silly gunzTarPerm modified mode [ 'bench.js', 438, 420 ]
54 silly gunzTarPerm extractEntry test.js
55 silly gunzTarPerm modified mode [ 'test.js', 438, 420 ]
56 silly gunzTarPerm extractEntry binding.gyp
57 silly gunzTarPerm modified mode [ 'binding.gyp', 438, 420 ]
58 silly gunzTarPerm extractEntry .travis.yml
59 silly gunzTarPerm modified mode [ '.travis.yml', 438, 420 ]
60 silly gunzTarPerm extractEntry lib/node-expat.js
61 silly gunzTarPerm modified mode [ 'lib/node-expat.js', 438, 420 ]
62 silly gunzTarPerm extractEntry node-expat.cc
63 silly gunzTarPerm modified mode [ 'node-expat.cc', 438, 420 ]
64 silly gunzTarPerm extractEntry README.markdown
65 silly gunzTarPerm modified mode [ 'README.markdown', 438, 420 ]
66 silly gunzTarPerm extractEntry test-mystic-library.xml
67 silly gunzTarPerm modified mode [ 'test-mystic-library.xml', 438, 420 ]
68 silly gunzTarPerm extractEntry deps/libexpat/README
69 silly gunzTarPerm modified mode [ 'deps/libexpat/README', 438, 420 ]
70 silly gunzTarPerm extractEntry deps/libexpat/doc/expat.png
71 silly gunzTarPerm modified mode [ 'deps/libexpat/doc/expat.png', 438, 420 ]
72 silly gunzTarPerm extractEntry deps/libexpat/doc/reference.html
73 silly gunzTarPerm modified mode [ 'deps/libexpat/doc/reference.html', 438, 420 ]
74 silly gunzTarPerm extractEntry deps/libexpat/doc/style.css
75 silly gunzTarPerm modified mode [ 'deps/libexpat/doc/style.css', 438, 420 ]
76 silly gunzTarPerm extractEntry deps/libexpat/doc/valid-xhtml10.png
77 silly gunzTarPerm modified mode [ 'deps/libexpat/doc/valid-xhtml10.png', 438, 420 ]
78 silly gunzTarPerm extractEntry deps/libexpat/doc/xmlwf.1
79 silly gunzTarPerm modified mode [ 'deps/libexpat/doc/xmlwf.1', 438, 420 ]
80 silly gunzTarPerm extractEntry deps/libexpat/doc/xmlwf.sgml
81 silly gunzTarPerm modified mode [ 'deps/libexpat/doc/xmlwf.sgml', 438, 420 ]
82 silly gunzTarPerm extractEntry deps/libexpat/COPYING
83 silly gunzTarPerm modified mode [ 'deps/libexpat/COPYING', 438, 420 ]
84 silly gunzTarPerm extractEntry deps/libexpat/Changes
85 silly gunzTarPerm modified mode [ 'deps/libexpat/Changes', 438, 420 ]
86 silly gunzTarPerm extractEntry deps/libexpat/ConfigureChecks.cmake
87 silly gunzTarPerm modified mode [ 'deps/libexpat/ConfigureChecks.cmake', 438, 420 ]
88 silly gunzTarPerm extractEntry deps/libexpat/MANIFEST
89 silly gunzTarPerm modified mode [ 'deps/libexpat/MANIFEST', 438, 420 ]
90 silly gunzTarPerm extractEntry deps/libexpat/Makefile.in
91 silly gunzTarPerm modified mode [ 'deps/libexpat/Makefile.in', 438, 420 ]
92 silly gunzTarPerm extractEntry deps/libexpat/CMake.README
93 silly gunzTarPerm modified mode [ 'deps/libexpat/CMake.README', 438, 420 ]
94 silly gunzTarPerm extractEntry deps/libexpat/aclocal.m4
95 silly gunzTarPerm modified mode [ 'deps/libexpat/aclocal.m4', 438, 420 ]
96 silly gunzTarPerm extractEntry deps/libexpat/amiga/expat_68k_handler_stubs.c
97 silly gunzTarPerm modified mode [ 'deps/libexpat/amiga/expat_68k_handler_stubs.c', 438, 420 ]
98 silly gunzTarPerm extractEntry deps/libexpat/amiga/Makefile
99 silly gunzTarPerm modified mode [ 'deps/libexpat/amiga/Makefile', 438, 420 ]
100 silly gunzTarPerm extractEntry deps/libexpat/amiga/expat.xml
101 silly gunzTarPerm modified mode [ 'deps/libexpat/amiga/expat.xml', 438, 420 ]
102 silly gunzTarPerm extractEntry deps/libexpat/amiga/expat_68k.c
103 silly gunzTarPerm modified mode [ 'deps/libexpat/amiga/expat_68k.c', 438, 420 ]
104 silly gunzTarPerm extractEntry deps/libexpat/amiga/expat_68k.h
105 silly gunzTarPerm modified mode [ 'deps/libexpat/amiga/expat_68k.h', 438, 420 ]
106 silly gunzTarPerm extractEntry deps/libexpat/amiga/README.txt
107 silly gunzTarPerm modified mode [ 'deps/libexpat/amiga/README.txt', 438, 420 ]
108 silly gunzTarPerm extractEntry deps/libexpat/amiga/expat_base.h
109 silly gunzTarPerm modified mode [ 'deps/libexpat/amiga/expat_base.h', 438, 420 ]
110 silly gunzTarPerm extractEntry deps/libexpat/amiga/expat_lib.c
111 silly gunzTarPerm modified mode [ 'deps/libexpat/amiga/expat_lib.c', 438, 420 ]
112 silly gunzTarPerm extractEntry deps/libexpat/amiga/expat_vectors.c
113 silly gunzTarPerm modified mode [ 'deps/libexpat/amiga/expat_vectors.c', 438, 420 ]
114 silly gunzTarPerm extractEntry deps/libexpat/amiga/include/inline4/expat.h
115 silly gunzTarPerm modified mode [ 'deps/libexpat/amiga/include/inline4/expat.h', 438, 420 ]
116 silly gunzTarPerm extractEntry deps/libexpat/amiga/include/interfaces/expat.h
117 silly gunzTarPerm modified mode [ 'deps/libexpat/amiga/include/interfaces/expat.h', 438, 420 ]
118 silly gunzTarPerm extractEntry deps/libexpat/amiga/include/libraries/expat.h
119 silly gunzTarPerm modified mode [ 'deps/libexpat/amiga/include/libraries/expat.h', 438, 420 ]
120 silly gunzTarPerm extractEntry deps/libexpat/amiga/include/proto/expat.h
121 silly gunzTarPerm modified mode [ 'deps/libexpat/amiga/include/proto/expat.h', 438, 420 ]
122 silly gunzTarPerm extractEntry deps/libexpat/amiga/launch.c
123 silly gunzTarPerm modified mode [ 'deps/libexpat/amiga/launch.c', 438, 420 ]
124 silly gunzTarPerm extractEntry deps/libexpat/bcb5/expatw.mak
125 silly gunzTarPerm modified mode [ 'deps/libexpat/bcb5/expatw.mak', 438, 420 ]
126 silly gunzTarPerm extractEntry deps/libexpat/bcb5/README.txt
127 silly gunzTarPerm modified mode [ 'deps/libexpat/bcb5/README.txt', 438, 420 ]
128 silly gunzTarPerm extractEntry deps/libexpat/bcb5/elements.bpf
129 silly gunzTarPerm modified mode [ 'deps/libexpat/bcb5/elements.bpf', 438, 420 ]
130 silly gunzTarPerm extractEntry deps/libexpat/bcb5/elements.bpr
131 silly gunzTarPerm modified mode [ 'deps/libexpat/bcb5/elements.bpr', 438, 420 ]
132 silly gunzTarPerm extractEntry deps/libexpat/bcb5/elements.mak
133 silly gunzTarPerm modified mode [ 'deps/libexpat/bcb5/elements.mak', 438, 420 ]
134 silly gunzTarPerm extractEntry deps/libexpat/bcb5/expat.bpf
135 silly gunzTarPerm modified mode [ 'deps/libexpat/bcb5/expat.bpf', 438, 420 ]
136 silly gunzTarPerm extractEntry deps/libexpat/bcb5/expat.bpr
137 silly gunzTarPerm modified mode [ 'deps/libexpat/bcb5/expat.bpr', 438, 420 ]
138 silly gunzTarPerm extractEntry deps/libexpat/bcb5/expat.mak
139 silly gunzTarPerm modified mode [ 'deps/libexpat/bcb5/expat.mak', 438, 420 ]
140 silly gunzTarPerm extractEntry deps/libexpat/bcb5/expat_static.bpf
141 silly gunzTarPerm modified mode [ 'deps/libexpat/bcb5/expat_static.bpf', 438, 420 ]
142 silly gunzTarPerm extractEntry deps/libexpat/bcb5/expat_static.bpr
143 silly gunzTarPerm modified mode [ 'deps/libexpat/bcb5/expat_static.bpr', 438, 420 ]
144 silly gunzTarPerm extractEntry deps/libexpat/bcb5/expat_static.mak
145 silly gunzTarPerm modified mode [ 'deps/libexpat/bcb5/expat_static.mak', 438, 420 ]
146 silly gunzTarPerm extractEntry deps/libexpat/bcb5/expatw.bpf
147 silly gunzTarPerm modified mode [ 'deps/libexpat/bcb5/expatw.bpf', 438, 420 ]
148 silly gunzTarPerm extractEntry deps/libexpat/bcb5/expatw.bpr
149 silly gunzTarPerm modified mode [ 'deps/libexpat/bcb5/expatw.bpr', 438, 420 ]
150 silly gunzTarPerm extractEntry deps/libexpat/bcb5/all_projects.bpg
151 silly gunzTarPerm modified mode [ 'deps/libexpat/bcb5/all_projects.bpg', 438, 420 ]
152 silly gunzTarPerm extractEntry deps/libexpat/bcb5/expatw_static.bpf
153 silly gunzTarPerm modified mode [ 'deps/libexpat/bcb5/expatw_static.bpf', 438, 420 ]
154 silly gunzTarPerm extractEntry deps/libexpat/bcb5/expatw_static.bpr
155 silly gunzTarPerm modified mode [ 'deps/libexpat/bcb5/expatw_static.bpr', 438, 420 ]
156 silly gunzTarPerm extractEntry deps/libexpat/bcb5/expatw_static.mak
157 silly gunzTarPerm modified mode [ 'deps/libexpat/bcb5/expatw_static.mak', 438, 420 ]
158 silly gunzTarPerm extractEntry deps/libexpat/bcb5/libexpat_mtd.def
159 silly gunzTarPerm modified mode [ 'deps/libexpat/bcb5/libexpat_mtd.def', 438, 420 ]
160 silly gunzTarPerm extractEntry deps/libexpat/bcb5/libexpatw_mtd.def
161 silly gunzTarPerm modified mode [ 'deps/libexpat/bcb5/libexpatw_mtd.def', 438, 420 ]
162 silly gunzTarPerm extractEntry deps/libexpat/bcb5/makefile.mak
163 silly gunzTarPerm modified mode [ 'deps/libexpat/bcb5/makefile.mak', 438, 420 ]
164 silly gunzTarPerm extractEntry deps/libexpat/bcb5/outline.bpf
165 silly gunzTarPerm modified mode [ 'deps/libexpat/bcb5/outline.bpf', 438, 420 ]
166 silly gunzTarPerm extractEntry deps/libexpat/bcb5/outline.bpr
167 silly gunzTarPerm modified mode [ 'deps/libexpat/bcb5/outline.bpr', 438, 420 ]
168 silly gunzTarPerm extractEntry deps/libexpat/bcb5/outline.mak
169 silly gunzTarPerm modified mode [ 'deps/libexpat/bcb5/outline.mak', 438, 420 ]
170 silly gunzTarPerm extractEntry deps/libexpat/bcb5/setup.bat
171 silly gunzTarPerm modified mode [ 'deps/libexpat/bcb5/setup.bat', 438, 420 ]
172 silly gunzTarPerm extractEntry deps/libexpat/bcb5/xmlwf.bpf
173 silly gunzTarPerm modified mode [ 'deps/libexpat/bcb5/xmlwf.bpf', 438, 420 ]
174 silly gunzTarPerm extractEntry deps/libexpat/bcb5/xmlwf.bpr
175 silly gunzTarPerm modified mode [ 'deps/libexpat/bcb5/xmlwf.bpr', 438, 420 ]
176 silly gunzTarPerm extractEntry deps/libexpat/bcb5/xmlwf.mak
177 silly gunzTarPerm modified mode [ 'deps/libexpat/bcb5/xmlwf.mak', 438, 420 ]
178 silly gunzTarPerm extractEntry deps/libexpat/configure
179 silly gunzTarPerm modified mode [ 'deps/libexpat/configure', 438, 420 ]
180 silly gunzTarPerm extractEntry deps/libexpat/configure.in
181 silly gunzTarPerm modified mode [ 'deps/libexpat/configure.in', 438, 420 ]
182 silly gunzTarPerm extractEntry deps/libexpat/conftools/PrintPath
183 silly gunzTarPerm modified mode [ 'deps/libexpat/conftools/PrintPath', 438, 420 ]
184 silly gunzTarPerm extractEntry deps/libexpat/conftools/ac_c_bigendian_cross.m4
185 silly gunzTarPerm modified mode [ 'deps/libexpat/conftools/ac_c_bigendian_cross.m4', 438, 420 ]
186 silly gunzTarPerm extractEntry deps/libexpat/conftools/config.guess
187 silly gunzTarPerm modified mode [ 'deps/libexpat/conftools/config.guess', 438, 420 ]
188 silly gunzTarPerm extractEntry deps/libexpat/conftools/config.sub
189 silly gunzTarPerm modified mode [ 'deps/libexpat/conftools/config.sub', 438, 420 ]
190 silly gunzTarPerm extractEntry deps/libexpat/conftools/expat.m4
191 silly gunzTarPerm modified mode [ 'deps/libexpat/conftools/expat.m4', 438, 420 ]
192 silly gunzTarPerm extractEntry deps/libexpat/conftools/get-version.sh
193 silly gunzTarPerm modified mode [ 'deps/libexpat/conftools/get-version.sh', 438, 420 ]
194 silly gunzTarPerm extractEntry deps/libexpat/conftools/install-sh
195 silly gunzTarPerm modified mode [ 'deps/libexpat/conftools/install-sh', 438, 420 ]
196 silly gunzTarPerm extractEntry deps/libexpat/conftools/ltmain.sh
197 silly gunzTarPerm modified mode [ 'deps/libexpat/conftools/ltmain.sh', 438, 420 ]
198 silly gunzTarPerm extractEntry deps/libexpat/conftools/mkinstalldirs
199 silly gunzTarPerm modified mode [ 'deps/libexpat/conftools/mkinstalldirs', 438, 420 ]
200 silly gunzTarPerm extractEntry deps/libexpat/CMakeLists.txt
201 silly gunzTarPerm modified mode [ 'deps/libexpat/CMakeLists.txt', 438, 420 ]
202 silly gunzTarPerm extractEntry deps/libexpat/examples/elements.c
203 silly gunzTarPerm modified mode [ 'deps/libexpat/examples/elements.c', 438, 420 ]
204 silly gunzTarPerm extractEntry deps/libexpat/examples/elements.dsp
205 silly gunzTarPerm modified mode [ 'deps/libexpat/examples/elements.dsp', 438, 420 ]
206 silly gunzTarPerm extractEntry deps/libexpat/examples/outline.c
207 silly gunzTarPerm modified mode [ 'deps/libexpat/examples/outline.c', 438, 420 ]
208 silly gunzTarPerm extractEntry deps/libexpat/examples/outline.dsp
209 silly gunzTarPerm modified mode [ 'deps/libexpat/examples/outline.dsp', 438, 420 ]
210 silly gunzTarPerm extractEntry deps/libexpat/expat.dsw
211 silly gunzTarPerm modified mode [ 'deps/libexpat/expat.dsw', 438, 420 ]
212 silly gunzTarPerm extractEntry deps/libexpat/expat.pc.in
213 silly gunzTarPerm modified mode [ 'deps/libexpat/expat.pc.in', 438, 420 ]
214 silly gunzTarPerm extractEntry deps/libexpat/expat_config.h
215 silly gunzTarPerm modified mode [ 'deps/libexpat/expat_config.h', 438, 420 ]
216 silly gunzTarPerm extractEntry deps/libexpat/expat_config.h.cmake
217 silly gunzTarPerm modified mode [ 'deps/libexpat/expat_config.h.cmake', 438, 420 ]
218 silly gunzTarPerm extractEntry deps/libexpat/expat_config.h.in
219 silly gunzTarPerm modified mode [ 'deps/libexpat/expat_config.h.in', 438, 420 ]
220 silly gunzTarPerm extractEntry deps/libexpat/lib/libexpat.def
221 silly gunzTarPerm modified mode [ 'deps/libexpat/lib/libexpat.def', 438, 420 ]
222 silly gunzTarPerm extractEntry deps/libexpat/lib/Makefile.MPW
223 silly gunzTarPerm modified mode [ 'deps/libexpat/lib/Makefile.MPW', 438, 420 ]
224 silly gunzTarPerm extractEntry deps/libexpat/lib/ascii.h
225 silly gunzTarPerm modified mode [ 'deps/libexpat/lib/ascii.h', 438, 420 ]
226 silly gunzTarPerm extractEntry deps/libexpat/lib/asciitab.h
227 silly gunzTarPerm modified mode [ 'deps/libexpat/lib/asciitab.h', 438, 420 ]
228 silly gunzTarPerm extractEntry deps/libexpat/lib/expat.dsp
229 silly gunzTarPerm modified mode [ 'deps/libexpat/lib/expat.dsp', 438, 420 ]
230 silly gunzTarPerm extractEntry deps/libexpat/lib/expat.h
231 silly gunzTarPerm modified mode [ 'deps/libexpat/lib/expat.h', 438, 420 ]
232 silly gunzTarPerm extractEntry deps/libexpat/lib/expat_external.h
233 silly gunzTarPerm modified mode [ 'deps/libexpat/lib/expat_external.h', 438, 420 ]
234 silly gunzTarPerm extractEntry deps/libexpat/lib/expat_static.dsp
235 silly gunzTarPerm modified mode [ 'deps/libexpat/lib/expat_static.dsp', 438, 420 ]
236 silly gunzTarPerm extractEntry deps/libexpat/lib/expatw.dsp
237 silly gunzTarPerm modified mode [ 'deps/libexpat/lib/expatw.dsp', 438, 420 ]
238 silly gunzTarPerm extractEntry deps/libexpat/lib/expatw_static.dsp
239 silly gunzTarPerm modified mode [ 'deps/libexpat/lib/expatw_static.dsp', 438, 420 ]
240 silly gunzTarPerm extractEntry deps/libexpat/lib/iasciitab.h
241 silly gunzTarPerm modified mode [ 'deps/libexpat/lib/iasciitab.h', 438, 420 ]
242 silly gunzTarPerm extractEntry deps/libexpat/lib/internal.h
243 silly gunzTarPerm modified mode [ 'deps/libexpat/lib/internal.h', 438, 420 ]
244 silly gunzTarPerm extractEntry deps/libexpat/lib/latin1tab.h
245 silly gunzTarPerm modified mode [ 'deps/libexpat/lib/latin1tab.h', 438, 420 ]
246 silly gunzTarPerm extractEntry deps/libexpat/lib/amigaconfig.h
247 silly gunzTarPerm modified mode [ 'deps/libexpat/lib/amigaconfig.h', 438, 420 ]
248 silly gunzTarPerm extractEntry deps/libexpat/lib/libexpatw.def
249 silly gunzTarPerm modified mode [ 'deps/libexpat/lib/libexpatw.def', 438, 420 ]
250 silly gunzTarPerm extractEntry deps/libexpat/lib/macconfig.h
251 silly gunzTarPerm modified mode [ 'deps/libexpat/lib/macconfig.h', 438, 420 ]
252 silly gunzTarPerm extractEntry deps/libexpat/lib/nametab.h
253 silly gunzTarPerm modified mode [ 'deps/libexpat/lib/nametab.h', 438, 420 ]
254 silly gunzTarPerm extractEntry deps/libexpat/lib/utf8tab.h
255 silly gunzTarPerm modified mode [ 'deps/libexpat/lib/utf8tab.h', 438, 420 ]
256 silly gunzTarPerm extractEntry deps/libexpat/lib/winconfig.h
257 silly gunzTarPerm modified mode [ 'deps/libexpat/lib/winconfig.h', 438, 420 ]
258 silly gunzTarPerm extractEntry deps/libexpat/lib/xmlparse.c
259 silly gunzTarPerm modified mode [ 'deps/libexpat/lib/xmlparse.c', 438, 420 ]
260 silly gunzTarPerm extractEntry deps/libexpat/lib/xmlrole.c
261 silly gunzTarPerm modified mode [ 'deps/libexpat/lib/xmlrole.c', 438, 420 ]
262 silly gunzTarPerm extractEntry deps/libexpat/lib/xmlrole.h
263 silly gunzTarPerm modified mode [ 'deps/libexpat/lib/xmlrole.h', 438, 420 ]
264 silly gunzTarPerm extractEntry deps/libexpat/lib/xmltok.c
265 silly gunzTarPerm modified mode [ 'deps/libexpat/lib/xmltok.c', 438, 420 ]
266 silly gunzTarPerm extractEntry deps/libexpat/lib/xmltok.h
267 silly gunzTarPerm modified mode [ 'deps/libexpat/lib/xmltok.h', 438, 420 ]
268 silly gunzTarPerm extractEntry deps/libexpat/lib/xmltok_impl.c
269 silly gunzTarPerm modified mode [ 'deps/libexpat/lib/xmltok_impl.c', 438, 420 ]
270 silly gunzTarPerm extractEntry deps/libexpat/lib/xmltok_impl.h
271 silly gunzTarPerm modified mode [ 'deps/libexpat/lib/xmltok_impl.h', 438, 420 ]
272 silly gunzTarPerm extractEntry deps/libexpat/lib/xmltok_ns.c
273 silly gunzTarPerm modified mode [ 'deps/libexpat/lib/xmltok_ns.c', 438, 420 ]
274 silly gunzTarPerm extractEntry deps/libexpat/libexpat.gyp
275 silly gunzTarPerm modified mode [ 'deps/libexpat/libexpat.gyp', 438, 420 ]
276 silly gunzTarPerm extractEntry deps/libexpat/m4/libtool.m4
277 silly gunzTarPerm modified mode [ 'deps/libexpat/m4/libtool.m4', 438, 420 ]
278 silly gunzTarPerm extractEntry deps/libexpat/m4/ltoptions.m4
279 silly gunzTarPerm modified mode [ 'deps/libexpat/m4/ltoptions.m4', 438, 420 ]
280 silly gunzTarPerm extractEntry deps/libexpat/m4/ltsugar.m4
281 silly gunzTarPerm modified mode [ 'deps/libexpat/m4/ltsugar.m4', 438, 420 ]
282 silly gunzTarPerm extractEntry deps/libexpat/m4/ltversion.m4
283 silly gunzTarPerm modified mode [ 'deps/libexpat/m4/ltversion.m4', 438, 420 ]
284 silly gunzTarPerm extractEntry deps/libexpat/m4/lt~obsolete.m4
285 silly gunzTarPerm modified mode [ 'deps/libexpat/m4/lt~obsolete.m4', 438, 420 ]
286 silly gunzTarPerm extractEntry deps/libexpat/tests/README.txt
287 silly gunzTarPerm modified mode [ 'deps/libexpat/tests/README.txt', 438, 420 ]
288 silly gunzTarPerm extractEntry deps/libexpat/tests/benchmark/README.txt
289 silly gunzTarPerm modified mode [ 'deps/libexpat/tests/benchmark/README.txt', 438, 420 ]
290 silly gunzTarPerm extractEntry deps/libexpat/tests/benchmark/benchmark.c
291 silly gunzTarPerm modified mode [ 'deps/libexpat/tests/benchmark/benchmark.c', 438, 420 ]
292 silly gunzTarPerm extractEntry deps/libexpat/tests/benchmark/benchmark.dsp
293 silly gunzTarPerm modified mode [ 'deps/libexpat/tests/benchmark/benchmark.dsp', 438, 420 ]
294 silly gunzTarPerm extractEntry deps/libexpat/tests/benchmark/benchmark.dsw
295 silly gunzTarPerm modified mode [ 'deps/libexpat/tests/benchmark/benchmark.dsw', 438, 420 ]
296 silly gunzTarPerm extractEntry deps/libexpat/tests/chardata.c
297 silly gunzTarPerm modified mode [ 'deps/libexpat/tests/chardata.c', 438, 420 ]
298 silly gunzTarPerm extractEntry deps/libexpat/tests/chardata.h
299 silly gunzTarPerm modified mode [ 'deps/libexpat/tests/chardata.h', 438, 420 ]
300 silly gunzTarPerm extractEntry deps/libexpat/tests/minicheck.c
301 silly gunzTarPerm modified mode [ 'deps/libexpat/tests/minicheck.c', 438, 420 ]
302 silly gunzTarPerm extractEntry deps/libexpat/tests/minicheck.h
303 silly gunzTarPerm modified mode [ 'deps/libexpat/tests/minicheck.h', 438, 420 ]
304 silly gunzTarPerm extractEntry deps/libexpat/tests/runtests.c
305 silly gunzTarPerm modified mode [ 'deps/libexpat/tests/runtests.c', 438, 420 ]
306 silly gunzTarPerm extractEntry deps/libexpat/tests/runtestspp.cpp
307 silly gunzTarPerm modified mode [ 'deps/libexpat/tests/runtestspp.cpp', 438, 420 ]
308 silly gunzTarPerm extractEntry deps/libexpat/tests/xmltest.sh
309 silly gunzTarPerm modified mode [ 'deps/libexpat/tests/xmltest.sh', 438, 420 ]
310 silly gunzTarPerm extractEntry deps/libexpat/version.c
311 silly gunzTarPerm modified mode [ 'deps/libexpat/version.c', 438, 420 ]
312 silly gunzTarPerm extractEntry deps/libexpat/vms/README.vms
313 silly gunzTarPerm modified mode [ 'deps/libexpat/vms/README.vms', 438, 420 ]
314 silly gunzTarPerm extractEntry deps/libexpat/vms/descrip.mms
315 silly gunzTarPerm modified mode [ 'deps/libexpat/vms/descrip.mms', 438, 420 ]
316 silly gunzTarPerm extractEntry deps/libexpat/vms/expat_config.h
317 silly gunzTarPerm modified mode [ 'deps/libexpat/vms/expat_config.h', 438, 420 ]
318 silly gunzTarPerm extractEntry deps/libexpat/win32/MANIFEST.txt
319 silly gunzTarPerm modified mode [ 'deps/libexpat/win32/MANIFEST.txt', 438, 420 ]
320 silly gunzTarPerm extractEntry deps/libexpat/win32/README.txt
321 silly gunzTarPerm modified mode [ 'deps/libexpat/win32/README.txt', 438, 420 ]
322 silly gunzTarPerm extractEntry deps/libexpat/win32/expat.iss
323 silly gunzTarPerm modified mode [ 'deps/libexpat/win32/expat.iss', 438, 420 ]
324 silly gunzTarPerm extractEntry deps/libexpat/xmlwf/xmlfile.h
325 silly gunzTarPerm modified mode [ 'deps/libexpat/xmlwf/xmlfile.h', 438, 420 ]
326 silly gunzTarPerm extractEntry deps/libexpat/xmlwf/codepage.c
327 silly gunzTarPerm modified mode [ 'deps/libexpat/xmlwf/codepage.c', 438, 420 ]
328 silly gunzTarPerm extractEntry deps/libexpat/xmlwf/ct.c
329 silly gunzTarPerm modified mode [ 'deps/libexpat/xmlwf/ct.c', 438, 420 ]
330 silly gunzTarPerm extractEntry deps/libexpat/xmlwf/filemap.h
331 silly gunzTarPerm modified mode [ 'deps/libexpat/xmlwf/filemap.h', 438, 420 ]
332 silly gunzTarPerm extractEntry deps/libexpat/xmlwf/readfilemap.c
333 silly gunzTarPerm modified mode [ 'deps/libexpat/xmlwf/readfilemap.c', 438, 420 ]
334 silly gunzTarPerm extractEntry deps/libexpat/xmlwf/unixfilemap.c
335 silly gunzTarPerm modified mode [ 'deps/libexpat/xmlwf/unixfilemap.c', 438, 420 ]
336 silly gunzTarPerm extractEntry deps/libexpat/xmlwf/win32filemap.c
337 silly gunzTarPerm modified mode [ 'deps/libexpat/xmlwf/win32filemap.c', 438, 420 ]
338 silly gunzTarPerm extractEntry deps/libexpat/xmlwf/xmlfile.c
339 silly gunzTarPerm modified mode [ 'deps/libexpat/xmlwf/xmlfile.c', 438, 420 ]
340 silly gunzTarPerm extractEntry deps/libexpat/xmlwf/codepage.h
341 silly gunzTarPerm modified mode [ 'deps/libexpat/xmlwf/codepage.h', 438, 420 ]
342 silly gunzTarPerm extractEntry deps/libexpat/xmlwf/xmlmime.c
343 silly gunzTarPerm modified mode [ 'deps/libexpat/xmlwf/xmlmime.c', 438, 420 ]
344 silly gunzTarPerm extractEntry deps/libexpat/xmlwf/xmlmime.h
345 silly gunzTarPerm modified mode [ 'deps/libexpat/xmlwf/xmlmime.h', 438, 420 ]
346 silly gunzTarPerm extractEntry deps/libexpat/xmlwf/xmltchar.h
347 silly gunzTarPerm modified mode [ 'deps/libexpat/xmlwf/xmltchar.h', 438, 420 ]
348 silly gunzTarPerm extractEntry deps/libexpat/xmlwf/xmlurl.h
349 silly gunzTarPerm modified mode [ 'deps/libexpat/xmlwf/xmlurl.h', 438, 420 ]
350 silly gunzTarPerm extractEntry deps/libexpat/xmlwf/xmlwf.c
351 silly gunzTarPerm modified mode [ 'deps/libexpat/xmlwf/xmlwf.c', 438, 420 ]
352 silly gunzTarPerm extractEntry deps/libexpat/xmlwf/xmlwf.dsp
353 silly gunzTarPerm modified mode [ 'deps/libexpat/xmlwf/xmlwf.dsp', 438, 420 ]
354 silly gunzTarPerm extractEntry deps/libexpat/xmlwf/xmlwin32url.cxx
355 silly gunzTarPerm modified mode [ 'deps/libexpat/xmlwf/xmlwin32url.cxx', 438, 420 ]
356 silly lockFile 01f84c91-s-global-node-modules-node-expat tar://e:\nodejs\global\node_modules\node-expat
357 silly lockFile 01f84c91-s-global-node-modules-node-expat tar://e:\nodejs\global\node_modules\node-expat
358 silly lockFile 58296236-che-node-expat-2-3-2-package-tgz tar://c:\Users\Administrator\AppData\Roaming\npm-cache\node-expat\2.3.2\package.tgz
359 silly lockFile 58296236-che-node-expat-2-3-2-package-tgz tar://c:\Users\Administrator\AppData\Roaming\npm-cache\node-expat\2.3.2\package.tgz
360 info preinstall node-expat@2.3.2
361 verbose readDependencies using package.json deps
362 verbose readDependencies using package.json deps
363 verbose cache add [ 'bindings@~1.2.1', null ]
364 verbose cache add name=undefined spec="bindings@~1.2.1" args=["bindings@~1.2.1",null]
365 verbose parsed url { protocol: null,
365 verbose parsed url   slashes: null,
365 verbose parsed url   auth: null,
365 verbose parsed url   host: null,
365 verbose parsed url   port: null,
365 verbose parsed url   hostname: null,
365 verbose parsed url   hash: null,
365 verbose parsed url   search: null,
365 verbose parsed url   query: null,
365 verbose parsed url   pathname: 'bindings@~1.2.1',
365 verbose parsed url   path: 'bindings@~1.2.1',
365 verbose parsed url   href: 'bindings@~1.2.1' }
366 verbose cache add name="bindings" spec="~1.2.1" args=["bindings","~1.2.1"]
367 verbose parsed url { protocol: null,
367 verbose parsed url   slashes: null,
367 verbose parsed url   auth: null,
367 verbose parsed url   host: null,
367 verbose parsed url   port: null,
367 verbose parsed url   hostname: null,
367 verbose parsed url   hash: null,
367 verbose parsed url   search: null,
367 verbose parsed url   query: null,
367 verbose parsed url   pathname: '~1.2.1',
367 verbose parsed url   path: '~1.2.1',
367 verbose parsed url   href: '~1.2.1' }
368 verbose addNamed [ 'bindings', '~1.2.1' ]
369 verbose addNamed [ null, '>=1.2.1-0 <1.3.0-0' ]
370 silly lockFile b7a61b57-bindings-1-2-1 bindings@~1.2.1
371 verbose lock bindings@~1.2.1 C:\Users\Administrator\AppData\Roaming\npm-cache\b7a61b57-bindings-1-2-1.lock
372 verbose cache add [ 'nan@~1.3.0', null ]
373 verbose cache add name=undefined spec="nan@~1.3.0" args=["nan@~1.3.0",null]
374 verbose parsed url { protocol: null,
374 verbose parsed url   slashes: null,
374 verbose parsed url   auth: null,
374 verbose parsed url   host: null,
374 verbose parsed url   port: null,
374 verbose parsed url   hostname: null,
374 verbose parsed url   hash: null,
374 verbose parsed url   search: null,
374 verbose parsed url   query: null,
374 verbose parsed url   pathname: 'nan@~1.3.0',
374 verbose parsed url   path: 'nan@~1.3.0',
374 verbose parsed url   href: 'nan@~1.3.0' }
375 verbose cache add name="nan" spec="~1.3.0" args=["nan","~1.3.0"]
376 verbose parsed url { protocol: null,
376 verbose parsed url   slashes: null,
376 verbose parsed url   auth: null,
376 verbose parsed url   host: null,
376 verbose parsed url   port: null,
376 verbose parsed url   hostname: null,
376 verbose parsed url   hash: null,
376 verbose parsed url   search: null,
376 verbose parsed url   query: null,
376 verbose parsed url   pathname: '~1.3.0',
376 verbose parsed url   path: '~1.3.0',
376 verbose parsed url   href: '~1.3.0' }
377 verbose addNamed [ 'nan', '~1.3.0' ]
378 verbose addNamed [ null, '>=1.3.0-0 <1.4.0-0' ]
379 silly lockFile a6a87a7e-nan-1-3-0 nan@~1.3.0
380 verbose lock nan@~1.3.0 C:\Users\Administrator\AppData\Roaming\npm-cache\a6a87a7e-nan-1-3-0.lock
381 silly addNameRange { name: 'bindings', range: '>=1.2.1-0 <1.3.0-0', hasData: false }
382 silly addNameRange { name: 'nan', range: '>=1.3.0-0 <1.4.0-0', hasData: false }
383 verbose url raw bindings
384 verbose url resolving [ 'http://registry.cnpmjs.org/', './bindings' ]
385 verbose url resolved http://registry.cnpmjs.org/bindings
386 info trying registry request attempt 1 at 19:09:24
387 verbose etag "1403979748000"
388 http GET http://registry.cnpmjs.org/bindings
389 verbose url raw nan
390 verbose url resolving [ 'http://registry.cnpmjs.org/', './nan' ]
391 verbose url resolved http://registry.cnpmjs.org/nan
392 info trying registry request attempt 1 at 19:09:24
393 verbose etag "1414882417000"
394 http GET http://registry.cnpmjs.org/nan
395 http 304 http://registry.cnpmjs.org/bindings
396 silly registry.get cb [ 304,
396 silly registry.get   { server: 'nginx/1.4.6 (Ubuntu)',
396 silly registry.get     date: 'Fri, 07 Nov 2014 11:09:32 GMT',
396 silly registry.get     connection: 'close',
396 silly registry.get     'x-powered-by': 'koa',
396 silly registry.get     etag: '"1403979748000"',
396 silly registry.get     'x-readtime': '13' } ]
397 verbose etag bindings from cache
398 http 304 http://registry.cnpmjs.org/nan
399 silly registry.get cb [ 304,
399 silly registry.get   { server: 'nginx/1.4.6 (Ubuntu)',
399 silly registry.get     date: 'Fri, 07 Nov 2014 11:09:32 GMT',
399 silly registry.get     connection: 'close',
399 silly registry.get     'x-powered-by': 'koa',
399 silly registry.get     etag: '"1414882417000"',
399 silly registry.get     'x-readtime': '15' } ]
400 verbose etag nan from cache
401 silly addNameRange number 2 { name: 'bindings', range: '>=1.2.1-0 <1.3.0-0', hasData: true }
402 silly addNameRange versions [ 'bindings',
402 silly addNameRange   [ '1.2.1',
402 silly addNameRange     '1.2.0',
402 silly addNameRange     '1.1.1',
402 silly addNameRange     '1.1.0',
402 silly addNameRange     '1.0.0',
402 silly addNameRange     '0.4.0',
402 silly addNameRange     '0.3.0',
402 silly addNameRange     '0.2.4',
402 silly addNameRange     '0.2.3',
402 silly addNameRange     '0.2.2',
402 silly addNameRange     '0.2.1',
402 silly addNameRange     '0.2.0',
402 silly addNameRange     '0.1.1',
402 silly addNameRange     '0.1.0',
402 silly addNameRange     '0.0.1' ] ]
403 verbose addNamed [ 'bindings', '1.2.1' ]
404 verbose addNamed [ '1.2.1', '1.2.1' ]
405 silly lockFile e9060511-bindings-1-2-1 bindings@1.2.1
406 verbose lock bindings@1.2.1 C:\Users\Administrator\AppData\Roaming\npm-cache\e9060511-bindings-1-2-1.lock
407 silly addNameRange number 2 { name: 'nan', range: '>=1.3.0-0 <1.4.0-0', hasData: true }
408 silly addNameRange versions [ 'nan',
408 silly addNameRange   [ '1.4.0',
408 silly addNameRange     '1.3.0',
408 silly addNameRange     '1.2.0',
408 silly addNameRange     '1.1.2',
408 silly addNameRange     '1.1.1',
408 silly addNameRange     '1.1.0',
408 silly addNameRange     '1.0.0',
408 silly addNameRange     '0.8.0',
408 silly addNameRange     '0.7.1',
408 silly addNameRange     '0.7.0',
408 silly addNameRange     '0.6.0',
408 silly addNameRange     '0.5.2',
408 silly addNameRange     '0.5.1',
408 silly addNameRange     '0.5.0',
408 silly addNameRange     '0.4.4',
408 silly addNameRange     '0.4.3',
408 silly addNameRange     '0.4.2',
408 silly addNameRange     '0.4.1',
408 silly addNameRange     '0.4.0',
408 silly addNameRange     '0.3.2',
408 silly addNameRange     '0.3.1',
408 silly addNameRange     '0.3.0',
408 silly addNameRange     '0.3.0-wip2',
408 silly addNameRange     '0.3.0-wip' ] ]
409 verbose addNamed [ 'nan', '1.3.0' ]
410 verbose addNamed [ '1.3.0', '1.3.0' ]
411 silly lockFile b8539500-nan-1-3-0 nan@1.3.0
412 verbose lock nan@1.3.0 C:\Users\Administrator\AppData\Roaming\npm-cache\b8539500-nan-1-3-0.lock
413 silly lockFile e9060511-bindings-1-2-1 bindings@1.2.1
414 silly lockFile e9060511-bindings-1-2-1 bindings@1.2.1
415 silly lockFile b8539500-nan-1-3-0 nan@1.3.0
416 silly lockFile b8539500-nan-1-3-0 nan@1.3.0
417 silly lockFile b7a61b57-bindings-1-2-1 bindings@~1.2.1
418 silly lockFile b7a61b57-bindings-1-2-1 bindings@~1.2.1
419 silly lockFile a6a87a7e-nan-1-3-0 nan@~1.3.0
420 silly lockFile a6a87a7e-nan-1-3-0 nan@~1.3.0
421 silly resolved [ { name: 'bindings',
421 silly resolved     description: 'Helper module for loading your native module\'s .node file',
421 silly resolved     keywords: [ 'native', 'addon', 'bindings', 'gyp', 'waf', 'c', 'c++' ],
421 silly resolved     version: '1.2.1',
421 silly resolved     author:
421 silly resolved      { name: 'Nathan Rajlich',
421 silly resolved        email: 'nathan@tootallnate.net',
421 silly resolved        url: 'http://tootallnate.net' },
421 silly resolved     repository:
421 silly resolved      { type: 'git',
421 silly resolved        url: 'git://github.com/TooTallNate/node-bindings.git' },
421 silly resolved     main: './bindings.js',
421 silly resolved     bugs: { url: 'https://github.com/TooTallNate/node-bindings/issues' },
421 silly resolved     homepage: 'https://github.com/TooTallNate/node-bindings',
421 silly resolved     license: 'MIT',
421 silly resolved     readme: 'node-bindings\n=============\n### Helper module for loading your native module\'s .node file\n\nThis is a helper module for authors of Node.js native addon modules.\nIt is basically the "swiss army knife" of `require()`ing your native module\'s\n`.node` file.\n\nThroughout the course of Node\'s native addon history, addons have ended up being\ncompiled in a variety of different places, depending on which build tool and which\nversion of node was used. To make matters worse, now the _gyp_ build tool can\nproduce either a _Release_ or _Debug_ build, each being built into different\nlocations.\n\nThis module checks _all_ the possible locations that a native addon would be built\nat, and returns the first one that loads successfully.\n\n\nInstallation\n------------\n\nInstall with `npm`:\n\n``` bash\n$ npm install bindings\n```\n\nOr add it to the `"dependencies"` section of your _package.json_ file.\n\n\nExample\n-------\n\n`require()`ing the proper bindings file for the current node version, platform\nand architecture is as simple as:\n\n``` js\nvar bindings = require(\'bindings\')(\'binding.node\')\n\n// Use your bindings defined in your C files\nbindings.your_c_function()\n```\n\n\nNice Error Output\n-----------------\n\nWhen the `.node` file could not be loaded, `node-bindings` throws an Error with\na nice error message telling you exactly what was tried. You can also check the\n`err.tries` Array property.\n\n```\nError: Could not load the bindings file. Tried:\n → /Users/nrajlich/ref/build/binding.node\n → /Users/nrajlich/ref/build/Debug/binding.node\n → /Users/nrajlich/ref/build/Release/binding.node\n → /Users/nrajlich/ref/out/Debug/binding.node\n → /Users/nrajlich/ref/Debug/binding.node\n → /Users/nrajlich/ref/out/Release/binding.node\n → /Users/nrajlich/ref/Release/binding.node\n → /Users/nrajlich/ref/build/default/binding.node\n → /Users/nrajlich/ref/compiled/0.8.2/darwin/x64/binding.node\n    at bindings (/Users/nrajlich/ref/node_modules/bindings/bindings.js:84:13)\n    at Object.<anonymous> (/Users/nrajlich/ref/lib/ref.js:5:47)\n    at Module._compile (module.js:449:26)\n    at Object.Module._extensions..js (module.js:467:10)\n    at Module.load (module.js:356:32)\n    at Function.Module._load (module.js:312:12)\n    ...\n```\n\n\nLicense\n-------\n\n(The MIT License)\n\nCopyright (c) 2012 Nathan Rajlich &lt;nathan@tootallnate.net&gt;\n\nPermission is hereby granted, free of charge, to any person obtaining\na copy of this software and associated documentation files (the\n\'Software\'), to deal in the Software without restriction, including\nwithout limitation the rights to use, copy, modify, merge, publish,\ndistribute, sublicense, and/or sell copies of the Software, and to\npermit persons to whom the Software is furnished to do so, subject to\nthe following conditions:\n\nThe above copyright notice and this permission notice shall be\nincluded in all copies or substantial portions of the Software.\n\nTHE SOFTWARE IS PROVIDED \'AS IS\', WITHOUT WARRANTY OF ANY KIND,\nEXPRESS OR IMPLIED, INCLUDING BUT NOT LIMITED TO THE WARRANTIES OF\nMERCHANTABILITY, FITNESS FOR A PARTICULAR PURPOSE AND NONINFRINGEMENT.\nIN NO EVENT SHALL THE AUTHORS OR COPYRIGHT HOLDERS BE LIABLE FOR ANY\nCLAIM, DAMAGES OR OTHER LIABILITY, WHETHER IN AN ACTION OF CONTRACT,\nTORT OR OTHERWISE, ARISING FROM, OUT OF OR IN CONNECTION WITH THE\nSOFTWARE OR THE USE OR OTHER DEALINGS IN THE SOFTWARE.\n',
421 silly resolved     readmeFilename: 'README.md',
421 silly resolved     _id: 'bindings@1.2.1',
421 silly resolved     _from: 'bindings@~1.2.1' },
421 silly resolved   { name: 'nan',
421 silly resolved     version: '1.3.0',
421 silly resolved     description: 'Native Abstractions for Node.js: C++ header for Node 0.8->0.12 compatibility',
421 silly resolved     main: 'include_dirs.js',
421 silly resolved     repository: { type: 'git', url: 'git://github.com/rvagg/nan.git' },
421 silly resolved     scripts:
421 silly resolved      { test: 'tap --gc test/js/*-test.js',
421 silly resolved        'rebuild-tests': 'node-gyp rebuild --directory test' },
421 silly resolved     contributors: [ [Object], [Object], [Object], [Object], [Object], [Object] ],
421 silly resolved     devDependencies:
421 silly resolved      { bindings: '~1.2.1',
421 silly resolved        'node-gyp': '~1.0.1',
421 silly resolved        tap: '~0.4.12',
421 silly resolved        xtend: '~4.0.0' },
421 silly resolved     license: 'MIT',
421 silly resolved     readme: 'Native Abstractions for Node.js\n===============================\n\n**A header file filled with macro and utility goodness for making add-on development for Node.js easier across versions 0.8, 0.10 and 0.11, and eventually 0.12.**\n\n***Current version: 1.3.0***\n\n*(See [nan.h](https://github.com/rvagg/nan/blob/master/CHANGELOG.md) for complete ChangeLog)*\n\n[![NPM](https://nodei.co/npm/nan.png?downloads=true)](https://nodei.co/npm/nan/) [![NPM](https://nodei.co/npm-dl/nan.png?months=6)](https://nodei.co/npm/nan/)\n\n[![Build Status](https://secure.travis-ci.org/rvagg/nan.png)](http://travis-ci.org/rvagg/nan)\n[![Build status](https://ci.appveyor.com/api/projects/status/kh73pbm9dsju7fgh)](https://ci.appveyor.com/project/RodVagg/nan)\n\nThanks to the crazy changes in V8 (and some in Node core), keeping native addons compiling happily across versions, particularly 0.10 to 0.11/0.12, is a minor nightmare. The goal of this project is to store all logic necessary to develop native Node.js addons without having to inspect `NODE_MODULE_VERSION` and get yourself into a macro-tangle.\n\nThis project also contains some helper utilities that make addon development a bit more pleasant.\n\n * **[News & Updates](#news)**\n * **[Usage](#usage)**\n * **[Example](#example)**\n * **[API](#api)**\n\n<a name="news"></a>\n## News & Updates\n\n### Aug-2014: 1.3.0 release\n\n* `NanCString()` and `NanRawString()` have been deprecated in favour of new <a href="#api_nan_ascii_string"><b><code>NanAsciiString</code></b></a>, <a href="#api_nan_utf8_string"><b><code>NanUtf8String</code></b></a> and <a href="#api_nan_ucs2_string"><b><code>NanUcs2String</code></b></a>. These classes manage the underlying memory for you in a safer way than just handing off an allocated array. You should now `*NanAsciiString(handle)` to access the raw `char` data, you can also allocate on the heap if you need to keep a reference.\n* Two more <a href="#api_nan_make_callback"><b><code>NanMakeCallback</code></b></a> overloads have been added to for parity with Node core.\n* You can now `NanNew(std::string)` (use `NanNew<std::string&>(std::string&)` to pass by reference)\n* <a href="#api_nan_set_template"><b><code>NanSetTemplate</code></b></a>, <a href="#api_nan_set_prototype_template"><b><code>NanSetPrototypeTemplate</code></b></a> and <a href="#api_nan_set_instance_template"><b><code>NanSetInstanceTemplate</code></b></a> have been added.\n\n### May-2014: 1.1.0 release\n\n* We\'ve deprecated `NanSymbol()`, you should just use `NanNew<String>()` now.\n* `NanNull()`, `NanUndefined()`, `NanTrue()`, `NanFalse()` all return `Local`s now.\n* `nan_isolate` is gone, it was intended to be internal-only but if you were using it then you should switch to `v8::Isolate::GetCurrent()`.\n* `NanNew()` has received some additional overload-love so you should be able to give it many kinds of values without specifying the `<Type>`.\n* Lots of small fixes and additions to expand the V8 API coverage, *use the source, Luke*.\n\n\n### May-2014: Major changes for V8 3.25 / Node 0.11.13\n\nNode 0.11.11 and 0.11.12 were both broken releases for native add-ons, you simply can\'t properly compile against either of them for different reasons. But we now have a 0.11.13 release that jumps a couple of versions of V8 ahead and includes some more, major (traumatic) API changes.\n\nBecause we are now nearing Node 0.12 and estimate that the version of V8 we are using in Node 0.11.13 will be close to the API we get for 0.12, we have taken the opportunity to not only *fix* NAN for 0.11.13 but make some major changes to improve the NAN API.\n\nWe have **removed support for Node 0.11 versions prior to 0.11.13**. As usual, our tests are run against (and pass) the last 5 versions of Node 0.8 and Node 0.10. We also include Node 0.11.13 obviously.\n\nThe major change is something that [Benjamin Byholm](kkoopa) has put many hours in to. We now have a fantastic new `NanNew<T>(args)` interface for creating new `Local`s, this replaces `NanNewLocal()` and much more. If you look in [./nan.h](nan.h) you\'ll see a large number of overloaded versions of this method. In general you should be able to `NanNew<Type>(arguments)` for any type you want to make a `Local` from. This includes `Persistent` types, so we now have a `Local<T> NanNew(const Persistent<T> arg)` to replace `NanPersistentToLocal()`.\n\nWe also now have `NanUndefined()`, `NanNull()`, `NanTrue()` and `NanFalse()`. Mainly because of the new requirement for an `Isolate` argument for each of the native V8 versions of this.\n\nV8 has now introduced an `EscapableHandleScope` from which you `scope.Escape(Local<T> value)` to *return* a value from a one scope to another. This replaces the standard `HandleScope` and `scope.Close(Local<T> value)`, although `HandleScope` still exists for when you don\'t need to return a handle to the caller. For NAN we are exposing it as `NanEscapableScope()` and `NanEscapeScope()`, while `NanScope()` is still how you create a new scope that doesn\'t need to return handles. For older versions of Node/V8, it\'ll still map to the older `HandleScope` functionality.\n\n`NanFromV8String()` was deprecated and has now been removed. You should use `NanCString()` or `NanRawString()` instead.\n\nBecause `node::MakeCallback()` now takes an `Isolate`, and because it doesn\'t exist in older versions of Node, we\'ve introduced `NanMakeCallback()`. You should *always* use this when calling a JavaScript function from C++.\n\nThere\'s lots more, check out the Changelog in nan.h or look through [#86](https://github.com/rvagg/nan/pull/86) for all the gory details.\n\n### Dec-2013: NanCString and NanRawString\n\nTwo new functions have been introduced to replace the functionality that\'s been provided by `NanFromV8String` until now. NanCString has sensible defaults so it\'s super easy to fetch a null-terminated c-style string out of a `v8::String`. `NanFromV8String` is still around and has defaults that allow you to pass a single handle to fetch a `char*` while `NanRawString` requires a little more attention to arguments.\n\n### Nov-2013: Node 0.11.9+ breaking V8 change\n\nThe version of V8 that\'s shipping with Node 0.11.9+ has changed the signature for new `Local`s to: `v8::Local<T>::New(isolate, value)`, i.e. introducing the `isolate` argument and therefore breaking all new `Local` declarations for previous versions. NAN 0.6+ now includes a `NanNewLocal<T>(value)` that can be used in place to work around this incompatibility and maintain compatibility with 0.8->0.11.9+ (minus a few early 0.11 releases).\n\nFor example, if you wanted to return a `null` on a callback you will have to change the argument from `v8::Local<v8::Value>::New(v8::Null())` to `NanNewLocal<v8::Value>(v8::Null())`.\n\n### Nov-2013: Change to binding.gyp `"include_dirs"` for NAN\n\nInclusion of NAN in a project\'s binding.gyp is now greatly simplified. You can now just use `"<!(node -e \\"require(\'nan\')\\")"` in your `"include_dirs"`, see example below (note Windows needs the quoting around `require` to be just right: `"require(\'nan\')"` with appropriate `\\` escaping).\n\n<a name="usage"></a>\n## Usage\n\nSimply add **NAN** as a dependency in the *package.json* of your Node addon:\n\n``` bash\n$ npm install --save nan\n```\n\nPull in the path to **NAN** in your *binding.gyp* so that you can use `#include <nan.h>` in your *.cpp* files:\n\n``` python\n"include_dirs" : [\n    "<!(node -e \\"require(\'nan\')\\")"\n]\n```\n\nThis works like a `-I<path-to-NAN>` when compiling your addon.\n\n<a name="example"></a>\n## Example\n\nSee **[LevelDOWN](https://github.com/rvagg/node-leveldown/pull/48)** for a full example of **NAN** in use.\n\nFor a simpler example, see the **[async pi estimation example](https://github.com/rvagg/nan/tree/master/examples/async_pi_estimate)** in the examples directory for full code and an explanation of what this Monte Carlo Pi estimation example does. Below are just some parts of the full example that illustrate the use of **NAN**.\n\nCompare to the current 0.10 version of this example, found in the [node-addon-examples](https://github.com/rvagg/node-addon-examples/tree/master/9_async_work) repository and also a 0.11 version of the same found [here](https://github.com/kkoopa/node-addon-examples/tree/5c01f58fc993377a567812597e54a83af69686d7/9_async_work).\n\nNote that there is no embedded version sniffing going on here and also the async work is made much simpler, see below for details on the `NanAsyncWorker` class.\n\n```c++\n// addon.cc\n#include <node.h>\n#include <nan.h>\n// ...\n\nusing v8::FunctionTemplate;\nusing v8::Handle;\nusing v8::Object;\nusing v8::String;\n\nvoid InitAll(Handle<Object> exports) {\n  exports->Set(NanNew<String>("calculateSync"),\n    NanNew<FunctionTemplate>(CalculateSync)->GetFunction());\n\n  exports->Set(NanNew<String>("calculateAsync"),\n    NanNew<FunctionTemplate>(CalculateAsync)->GetFunction());\n}\n\nNODE_MODULE(addon, InitAll)\n```\n\n```c++\n// sync.h\n#include <node.h>\n#include <nan.h>\n\nNAN_METHOD(CalculateSync);\n```\n\n```c++\n// sync.cc\n#include <node.h>\n#include <nan.h>\n#include "./sync.h"\n// ...\n\nusing v8::Number;\n\n// Simple synchronous access to the `Estimate()` function\nNAN_METHOD(CalculateSync) {\n  NanScope();\n\n  // expect a number as the first argument\n  int points = args[0]->Uint32Value();\n  double est = Estimate(points);\n\n  NanReturnValue(NanNew<Number>(est));\n}\n```\n\n```c++\n// async.h\n#include <node.h>\n#include <nan.h>\n\nNAN_METHOD(CalculateAsync);\n```\n\n```c++\n// async.cc\n#include <node.h>\n#include <nan.h>\n#include "./async.h"\n\n// ...\n\nusing v8::Function;\nusing v8::Local;\nusing v8::Null;\nusing v8::Number;\nusing v8::Value;\n\nclass PiWorker : public NanAsyncWorker {\n public:\n  PiWorker(NanCallback *callback, int points)\n    : NanAsyncWorker(callback), points(points) {}\n  ~PiWorker() {}\n\n  // Executed inside the worker-thread.\n  // It is not safe to access V8, or V8 data structures\n  // here, so everything we need for input and output\n  // should go on `this`.\n  void Execute () {\n    estimate = Estimate(points);\n  }\n\n  // Executed when the async work is complete\n  // this function will be run inside the main event loop\n  // so it is safe to use V8 again\n  void HandleOKCallback () {\n    NanScope();\n\n    Local<Value> argv[] = {\n        NanNull()\n      , NanNew<Number>(estimate)\n    };\n\n    callback->Call(2, argv);\n  };\n\n private:\n  int points;\n  double estimate;\n};\n\n// Asynchronous access to the `Estimate()` function\nNAN_METHOD(CalculateAsync) {\n  NanScope();\n\n  int points = args[0]->Uint32Value();\n  NanCallback *callback = new NanCallback(args[1].As<Function>());\n\n  NanAsyncQueueWorker(new PiWorker(callback, points));\n  NanReturnUndefined();\n}\n```\n\n<a name="api"></a>\n## API\n\n * <a href="#api_nan_method"><b><code>NAN_METHOD</code></b></a>\n * <a href="#api_nan_getter"><b><code>NAN_GETTER</code></b></a>\n * <a href="#api_nan_setter"><b><code>NAN_SETTER</code></b></a>\n * <a href="#api_nan_property_getter"><b><code>NAN_PROPERTY_GETTER</code></b></a>\n * <a href="#api_nan_property_setter"><b><code>NAN_PROPERTY_SETTER</code></b></a>\n * <a href="#api_nan_property_enumerator"><b><code>NAN_PROPERTY_ENUMERATOR</code></b></a>\n * <a href="#api_nan_property_deleter"><b><code>NAN_PROPERTY_DELETER</code></b></a>\n * <a href="#api_nan_property_query"><b><code>NAN_PROPERTY_QUERY</code></b></a>\n * <a href="#api_nan_index_getter"><b><code>NAN_INDEX_GETTER</code></b></a>\n * <a href="#api_nan_index_setter"><b><code>NAN_INDEX_SETTER</code></b></a>\n * <a href="#api_nan_index_enumerator"><b><code>NAN_INDEX_ENUMERATOR</code></b></a>\n * <a href="#api_nan_index_deleter"><b><code>NAN_INDEX_DELETER</code></b></a>\n * <a href="#api_nan_index_query"><b><code>NAN_INDEX_QUERY</code></b></a>\n * <a href="#api_nan_weak_callback"><b><code>NAN_WEAK_CALLBACK</code></b></a>\n * <a href="#api_nan_deprecated"><b><code>NAN_DEPRECATED</code></b></a>\n * <a href="#api_nan_inline"><b><code>NAN_INLINE</code></b></a>\n * <a href="#api_nan_new"><b><code>NanNew</code></b></a>\n * <a href="#api_nan_undefined"><b><code>NanUndefined</code></b></a>\n * <a href="#api_nan_null"><b><code>NanNull</code></b></a>\n * <a href="#api_nan_true"><b><code>NanTrue</code></b></a>\n * <a href="#api_nan_false"><b><code>NanFalse</code></b></a>\n * <a href="#api_nan_return_value"><b><code>NanReturnValue</code></b></a>\n * <a href="#api_nan_return_undefined"><b><code>NanReturnUndefined</code></b></a>\n * <a href="#api_nan_return_null"><b><code>NanReturnNull</code></b></a>\n * <a href="#api_nan_return_empty_string"><b><code>NanReturnEmptyString</code></b></a>\n * <a href="#api_nan_scope"><b><code>NanScope</code></b></a>\n * <a href="#api_nan_escapable_scope"><b><code>NanEscapableScope</code></b></a>\n * <a href="#api_nan_escape_scope"><b><code>NanEscapeScope</code></b></a>\n * <a href="#api_nan_locker"><b><code>NanLocker</code></b></a>\n * <a href="#api_nan_unlocker"><b><code>NanUnlocker</code></b></a>\n * <a href="#api_nan_get_internal_field_pointer"><b><code>NanGetInternalFieldPointer</code></b></a>\n * <a href="#api_nan_set_internal_field_pointer"><b><code>NanSetInternalFieldPointer</code></b></a>\n * <a href="#api_nan_object_wrap_handle"><b><code>NanObjectWrapHandle</code></b></a>\n * <del><a href="#api_nan_symbol"><b><code>NanSymbol</code></b></a></del>\n * <a href="#api_nan_get_pointer_safe"><b><code>NanGetPointerSafe</code></b></a>\n * <a href="#api_nan_set_pointer_safe"><b><code>NanSetPointerSafe</code></b></a>\n * <del><a href="#api_nan_raw_string"><b><code>NanRawString</code></b></a></del>\n * <del><a href="#api_nan_c_string"><b><code>NanCString</code></b></a></del>\n * <a href="#api_nan_ascii_string"><b><code>NanAsciiString</code></b></a>\n * <a href="#api_nan_utf8_string"><b><code>NanUtf8String</code></b></a>\n * <a href="#api_nan_ucs2_string"><b><code>NanUcs2String</code></b></a>\n * <a href="#api_nan_boolean_option_value"><b><code>NanBooleanOptionValue</code></b></a>\n * <a href="#api_nan_uint32_option_value"><b><code>NanUInt32OptionValue</code></b></a>\n * <a href="#api_nan_error"><b><code>NanError</code></b>, <b><code>NanTypeError</code></b>, <b><code>NanRangeError</code></b></a>\n * <a href="#api_nan_throw_error"><b><code>NanThrowError</code></b>, <b><code>NanThrowTypeError</code></b>, <b><code>NanThrowRangeError</code></b>, <b><code>NanThrowError(Handle<Value>)</code></b>, <b><code>NanThrowError(Handle<Value>, int)</code></b></a>\n * <a href="#api_nan_new_buffer_handle"><b><code>NanNewBufferHandle(char *, size_t, FreeCallback, void *)</code></b>, <b><code>NanNewBufferHandle(char *, uint32_t)</code></b>, <b><code>NanNewBufferHandle(uint32_t)</code></b></a>\n * <a href="#api_nan_buffer_use"><b><code>NanBufferUse(char *, uint32_t)</code></b></a>\n * <a href="#api_nan_new_context_handle"><b><code>NanNewContextHandle</code></b></a>\n * <a href="#api_nan_get_current_context"><b><code>NanGetCurrentContext</code></b></a>\n * <a href="#api_nan_has_instance"><b><code>NanHasInstance</code></b></a>\n * <a href="#api_nan_dispose_persistent"><b><code>NanDisposePersistent</code></b></a>\n * <a href="#api_nan_assign_persistent"><b><code>NanAssignPersistent</code></b></a>\n * <a href="#api_nan_make_weak_persistent"><b><code>NanMakeWeakPersistent</code></b></a>\n * <a href="#api_nan_set_template"><b><code>NanSetTemplate</code></b></a>\n * <a href="#api_nan_set_prototype_template"><b><code>NanSetPrototypeTemplate</code></b></a>\n * <a href="#api_nan_set_instance_template"><b><code>NanSetInstanceTemplate</code></b></a>\n * <a href="#api_nan_make_callback"><b><code>NanMakeCallback</code></b></a>\n * <a href="#api_nan_compile_script"><b><code>NanCompileScript</code></b></a>\n * <a href="#api_nan_run_script"><b><code>NanRunScript</code></b></a>\n * <a href="#api_nan_adjust_external_memory"><b><code>NanAdjustExternalMemory</code></b></a>\n * <a href="#api_nan_add_gc_epilogue_callback"><b><code>NanAddGCEpilogueCallback</code></b></a>\n * <a href="#api_nan_add_gc_prologue_callback"><b><code>NanAddGCPrologueCallback</code></b></a>\n * <a href="#api_nan_remove_gc_epilogue_callback"><b><code>NanRemoveGCEpilogueCallback</code></b></a>\n * <a href="#api_nan_remove_gc_prologue_callback"><b><code>NanRemoveGCPrologueCallback</code></b></a>\n * <a href="#api_nan_get_heap_statistics"><b><code>NanGetHeapStatistics</code></b></a>\n * <a href="#api_nan_callback"><b><code>NanCallback</code></b></a>\n * <a href="#api_nan_async_worker"><b><code>NanAsyncWorker</code></b></a>\n * <a href="#api_nan_async_queue_worker"><b><code>NanAsyncQueueWorker</code></b></a>\n\n<a name="api_nan_method"></a>\n### NAN_METHOD(methodname)\n\nUse `NAN_METHOD` to define your V8 accessible methods:\n\n```c++\n// .h:\nclass Foo : public node::ObjectWrap {\n  ...\n\n  static NAN_METHOD(Bar);\n  static NAN_METHOD(Baz);\n}\n\n\n// .cc:\nNAN_METHOD(Foo::Bar) {\n  ...\n}\n\nNAN_METHOD(Foo::Baz) {\n  ...\n}\n```\n\nThe reason for this macro is because of the method signature change in 0.11:\n\n```c++\n// 0.10 and below:\nHandle<Value> name(const Arguments& args)\n\n// 0.11 and above\nvoid name(const FunctionCallbackInfo<Value>& args)\n```\n\nThe introduction of `FunctionCallbackInfo` brings additional complications:\n\n<a name="api_nan_getter"></a>\n### NAN_GETTER(methodname)\n\nUse `NAN_GETTER` to declare your V8 accessible getters. You get a `Local<String>` `property` and an appropriately typed `args` object that can act like the `args` argument to a `NAN_METHOD` call.\n\nYou can use `NanReturnNull()`, `NanReturnEmptyString()`, `NanReturnUndefined()` and `NanReturnValue()` in a `NAN_GETTER`.\n\n<a name="api_nan_setter"></a>\n### NAN_SETTER(methodname)\n\nUse `NAN_SETTER` to declare your V8 accessible setters. Same as `NAN_GETTER` but you also get a `Local<Value>` `value` object to work with.\n\n<a name="api_nan_property_getter"></a>\n### NAN_PROPERTY_GETTER(cbname)\nUse `NAN_PROPERTY_GETTER` to declare your V8 accessible property getters. You get a `Local<String>` `property` and an appropriately typed `args` object that can act similar to the `args` argument to a `NAN_METHOD` call.\n\nYou can use `NanReturnNull()`, `NanReturnEmptyString()`, `NanReturnUndefined()` and `NanReturnValue()` in a `NAN_PROPERTY_GETTER`.\n\n<a name="api_nan_property_setter"></a>\n### NAN_PROPERTY_SETTER(cbname)\nUse `NAN_PROPERTY_SETTER` to declare your V8 accessible property setters. Same as `NAN_PROPERTY_GETTER` but you also get a `Local<Value>` `value` object to work with.\n\n<a name="api_nan_property_enumerator"></a>\n### NAN_PROPERTY_ENUMERATOR(cbname)\nUse `NAN_PROPERTY_ENUMERATOR` to declare your V8 accessible property enumerators. You get an appropriately typed `args` object like the `args` argument to a `NAN_PROPERTY_GETTER` call.\n\nYou can use `NanReturnNull()`, `NanReturnEmptyString()`, `NanReturnUndefined()` and `NanReturnValue()` in a `NAN_PROPERTY_ENUMERATOR`.\n\n<a name="api_nan_property_deleter"></a>\n### NAN_PROPERTY_DELETER(cbname)\nUse `NAN_PROPERTY_DELETER` to declare your V8 accessible property deleters. Same as `NAN_PROPERTY_GETTER`.\n\nYou can use `NanReturnNull()`, `NanReturnEmptyString()`, `NanReturnUndefined()` and `NanReturnValue()` in a `NAN_PROPERTY_DELETER`.\n\n<a name="api_nan_property_query"></a>\n### NAN_PROPERTY_QUERY(cbname)\nUse `NAN_PROPERTY_QUERY` to declare your V8 accessible property queries. Same as `NAN_PROPERTY_GETTER`.\n\nYou can use `NanReturnNull()`, `NanReturnEmptyString()`, `NanReturnUndefined()` and `NanReturnValue()` in a `NAN_PROPERTY_QUERY`.\n\n<a name="api_nan_index_getter"></a>\n### NAN_INDEX_GETTER(cbname)\nUse `NAN_INDEX_GETTER` to declare your V8 accessible index getters. You get a `uint32_t` `index` and an appropriately typed `args` object that can act similar to the `args` argument to a `NAN_METHOD` call.\n\nYou can use `NanReturnNull()`, `NanReturnEmptyString()`, `NanReturnUndefined()` and `NanReturnValue()` in a `NAN_INDEX_GETTER`.\n\n<a name="api_nan_index_setter"></a>\n### NAN_INDEX_SETTER(cbname)\nUse `NAN_INDEX_SETTER` to declare your V8 accessible index setters. Same as `NAN_INDEX_GETTER` but you also get a `Local<Value>` `value` object to work with.\n\n<a name="api_nan_index_enumerator"></a>\n### NAN_INDEX_ENUMERATOR(cbname)\nUse `NAN_INDEX_ENUMERATOR` to declare your V8 accessible index enumerators. You get an appropriately typed `args` object like the `args` argument to a `NAN_INDEX_GETTER` call.\n\nYou can use `NanReturnNull()`, `NanReturnEmptyString()`, `NanReturnUndefined()` and `NanReturnValue()` in a `NAN_INDEX_ENUMERATOR`.\n\n<a name="api_nan_index_deleter"></a>\n### NAN_INDEX_DELETER(cbname)\nUse `NAN_INDEX_DELETER` to declare your V8 accessible index deleters. Same as `NAN_INDEX_GETTER`.\n\nYou can use `NanReturnNull()`, `NanReturnEmptyString()`, `NanReturnUndefined()` and `NanReturnValue()` in a `NAN_INDEX_DELETER`.\n\n<a name="api_nan_index_query"></a>\n### NAN_INDEX_QUERY(cbname)\nUse `NAN_INDEX_QUERY` to declare your V8 accessible index queries. Same as `NAN_INDEX_GETTER`.\n\nYou can use `NanReturnNull()`, `NanReturnEmptyString()`, `NanReturnUndefined()` and `NanReturnValue()` in a `NAN_INDEX_QUERY`.\n\n<a name="api_nan_weak_callback"></a>\n### NAN_WEAK_CALLBACK(cbname)\n\nUse `NAN_WEAK_CALLBACK` to define your V8 WeakReference callbacks. There is an argument object `const _NanWeakCallbackData<T, P> &data` allowing access to the weak object and the supplied parameter through its `GetValue` and `GetParameter` methods. You can even access the weak callback info object through the `GetCallbackInfo()`method, but you probably should not. `Revive()` keeps the weak object alive until the next GC round.\n\n```c++\nNAN_WEAK_CALLBACK(weakCallback) {\n  int *parameter = data.GetParameter();\n  NanMakeCallback(NanGetCurrentContext()->Global(), data.GetValue(), 0, NULL);\n  if ((*parameter)++ == 0) {\n    data.Revive();\n  } else {\n    delete parameter;\n  }\n}\n```\n\n<a name="api_nan_deprecated"></a>\n### NAN_DEPRECATED\nDeclares a function as deprecated.\n\n```c++\nstatic NAN_DEPRECATED NAN_METHOD(foo) {\n  ...\n}\n```\n\n<a name="api_nan_inline"></a>\n### NAN_INLINE\nInlines a function.\n\n```c++\nNAN_INLINE int foo(int bar) {\n  ...\n}\n```\n\n<a name="api_nan_new"></a>\n### Local&lt;T&gt; NanNew&lt;T&gt;( ... )\n\nUse `NanNew` to construct almost all v8 objects and make new local handles.\n\nNote: Using NanNew with an std::string is possible, however, you should ensure\nto use the overload version (`NanNew(stdString)`) rather than the template\nversion (`NanNew<v8::String>(stdString)`) as there is an unnecessary\nperformance penalty to using the template version because of the inability for\ncompilers to appropriately deduce to reference types on template specialization. \n\n```c++\nLocal<String> s = NanNew<String>("value");\n\n...\n\nPersistent<Object> o;\n\n...\n\nLocal<Object> lo = NanNew(o);\n\n```\n\n<a name="api_nan_undefined"></a>\n### Local&lt;Primitive&gt; NanUndefined()\n\nUse instead of `Undefined()`\n\n<a name="api_nan_null"></a>\n### Local&lt;Primitive&gt; NanNull()\n\nUse instead of `Null()`\n\n<a name="api_nan_true"></a>\n### Local&lt;Boolean&gt; NanTrue()\n\nUse instead of `True()`\n\n<a name="api_nan_false"></a>\n### Local&lt;Boolean&gt; NanFalse()\n\nUse instead of `False()`\n\n<a name="api_nan_return_value"></a>\n### NanReturnValue(Handle&lt;Value&gt;)\n\nUse `NanReturnValue` when you want to return a value from your V8 accessible method:\n\n```c++\nNAN_METHOD(Foo::Bar) {\n  ...\n\n  NanReturnValue(NanNew<String>("FooBar!"));\n}\n```\n\nNo `return` statement required.\n\n<a name="api_nan_return_undefined"></a>\n### NanReturnUndefined()\n\nUse `NanReturnUndefined` when you don\'t want to return anything from your V8 accessible method:\n\n```c++\nNAN_METHOD(Foo::Baz) {\n  ...\n\n  NanReturnUndefined();\n}\n```\n\n<a name="api_nan_return_null"></a>\n### NanReturnNull()\n\nUse `NanReturnNull` when you want to return `Null` from your V8 accessible method:\n\n```c++\nNAN_METHOD(Foo::Baz) {\n  ...\n\n  NanReturnNull();\n}\n```\n\n<a name="api_nan_return_empty_string"></a>\n### NanReturnEmptyString()\n\nUse `NanReturnEmptyString` when you want to return an empty `String` from your V8 accessible method:\n\n```c++\nNAN_METHOD(Foo::Baz) {\n  ...\n\n  NanReturnEmptyString();\n}\n```\n\n<a name="api_nan_scope"></a>\n### NanScope()\n\nThe introduction of `isolate` references for many V8 calls in Node 0.11 makes `NanScope()` necessary, use it in place of `HandleScope scope` when you do not wish to return handles (`Handle` or `Local`) to the surrounding scope (or in functions directly exposed to V8, as they do not return values in the normal sense):\n\n```c++\nNAN_METHOD(Foo::Bar) {\n  NanScope();\n\n  NanReturnValue(NanNew<String>("FooBar!"));\n}\n```\n\nThis method is not directly exposed to V8, nor does it return a handle, so it uses an unescapable scope:\n\n```c++\nbool Foo::Bar() {\n  NanScope();\n\n  Local<Boolean> val = NanFalse();\n  ...\n  return val->Value();\n}\n```\n\n<a name="api_nan_escapable_scope"></a>\n### NanEscapableScope()\n\nThe separation of handle scopes into escapable and inescapable scopes makes `NanEscapableScope()` necessary, use it in place of `HandleScope scope` when you later wish to return a handle (`Handle` or `Local`) from the scope, this is for internal functions not directly exposed to V8:\n\n```c++\nHandle<String> Foo::Bar() {\n  NanEscapableScope();\n\n  return NanEscapeScope(NanNew<String>("FooBar!"));\n}\n```\n\n<a name="api_nan_escape_scope"></a>\n### Local&lt;T&gt; NanEscapeScope(Handle&lt;T&gt; value);\nUse together with `NanEscapableScope` to escape the scope. Corresponds to `HandleScope::Close` or `EscapableHandleScope::Escape`.\n\n<a name="api_nan_locker"></a>\n### NanLocker()\n\nThe introduction of `isolate` references for many V8 calls in Node 0.11 makes `NanLocker()` necessary, use it in place of `Locker locker`:\n\n```c++\nNAN_METHOD(Foo::Bar) {\n  NanLocker();\n  ...\n  NanUnlocker();\n}\n```\n\n<a name="api_nan_unlocker"></a>\n### NanUnlocker()\n\nThe introduction of `isolate` references for many V8 calls in Node 0.11 makes `NanUnlocker()` necessary, use it in place of `Unlocker unlocker`:\n\n```c++\nNAN_METHOD(Foo::Bar) {\n  NanLocker();\n  ...\n  NanUnlocker();\n}\n```\n\n<a name="api_nan_get_internal_field_pointer"></a>\n### void * NanGetInternalFieldPointer(Handle&lt;Object&gt;, int)\n\nGets a pointer to the internal field with at `index` from a V8 `Object` handle.\n\n```c++\nLocal<Object> obj;\n...\nNanGetInternalFieldPointer(obj, 0);\n```\n<a name="api_nan_set_internal_field_pointer"></a>\n### void NanSetInternalFieldPointer(Handle&lt;Object&gt;, int, void *)\n\nSets the value of the internal field at `index` on a V8 `Object` handle.\n\n```c++\nstatic Persistent<Function> dataWrapperCtor;\n...\nLocal<Object> wrapper = NanNew(dataWrapperCtor)->NewInstance();\nNanSetInternalFieldPointer(wrapper, 0, this);\n```\n\n<a name="api_nan_object_wrap_handle"></a>\n### Local&lt;Object&gt; NanObjectWrapHandle(Object)\n\nWhen you want to fetch the V8 object handle from a native object you\'ve wrapped with Node\'s `ObjectWrap`, you should use `NanObjectWrapHandle`:\n\n```c++\nNanObjectWrapHandle(iterator)->Get(NanNew<String>("end"))\n```\n\n<a name="api_nan_symbol"></a>\n### <del>Local&lt;String&gt; NanSymbol(const char *)</del>\n\nDeprecated. Use `NanNew<String>` instead.\n<del>Use to create string symbol objects (i.e. `v8::String::NewSymbol(x)`), for getting and setting object properties, or names of objects.</del>\n\n```c++\nbool foo = false;\nif (obj->Has(NanNew<String>("foo")))\n  foo = optionsObj->Get(NanNew<String>("foo"))->BooleanValue()\n```\n\n<a name="api_nan_get_pointer_safe"></a>\n### Type NanGetPointerSafe(Type *[, Type])\n\nA helper for getting values from optional pointers. If the pointer is `NULL`, the function returns the optional default value, which defaults to `0`.  Otherwise, the function returns the value the pointer points to.\n\n```c++\nchar *plugh(uint32_t *optional) {\n  char res[] = "xyzzy";\n  uint32_t param = NanGetPointerSafe<uint32_t>(optional, 0x1337);\n  switch (param) {\n    ...\n  }\n  NanSetPointerSafe<uint32_t>(optional, 0xDEADBEEF);\n}  \n```\n\n<a name="api_nan_set_pointer_safe"></a>\n### bool NanSetPointerSafe(Type *, Type)\n\nA helper for setting optional argument pointers. If the pointer is `NULL`, the function simply returns `false`.  Otherwise, the value is assigned to the variable the pointer points to.\n\n```c++\nconst char *plugh(size_t *outputsize) {\n  char res[] = "xyzzy";\n  if !(NanSetPointerSafe<size_t>(outputsize, strlen(res) + 1)) {\n    ...\n  }\n\n  ...\n}\n```\n\n<a name="api_nan_raw_string"></a>\n### <del>void* NanRawString(Handle&lt;Value&gt;, enum Nan::Encoding, size_t *, void *, size_t, int)</del>\n\nDeprecated. Use something else.\n\n<del>When you want to convert a V8 `String` to a `char*` buffer, use `NanRawString`. You have to supply an encoding as well as a pointer to a variable that will be assigned the number of bytes in the returned string. It is also possible to supply a buffer and its length to the function in order not to have a new buffer allocated. The final argument allows setting `String::WriteOptions`.\nJust remember that you\'ll end up with an object that you\'ll need to `delete[]` at some point unless you supply your own buffer:</del>\n\n```c++\nsize_t count;\nvoid* decoded = NanRawString(args[1], Nan::BASE64, &count, NULL, 0, String::HINT_MANY_WRITES_EXPECTED);\n...\ndelete[] reinterpret_cast<char*>(decoded);\n```\n\n<a name="api_nan_c_string"></a>\n### <del>char* NanCString(Handle&lt;Value&gt;, size_t *[, char *, size_t, int])</del>\n\nDeprecated. Use `NanUtf8String` instead.\n\n<del>When you want to convert a V8 `String` to a null-terminated C `char*` use `NanCString`. The resulting `char*` will be UTF-8-encoded, and you need to supply a pointer to a variable that will be assigned the number of bytes in the returned string. It is also possible to supply a buffer and its length to the function in order not to have a new buffer allocated. The final argument allows optionally setting `String::WriteOptions`, which default to `v8::String::NO_OPTIONS`.\nJust remember that you\'ll end up with an object that you\'ll need to `delete[]` at some point unless you supply your own buffer:</del>\n\n```c++\nsize_t count;\nchar* name = NanCString(args[0], &count);\n...\ndelete[] name;\n```\n\n<a name="api_nan_ascii_string"></a>\n### NanAsciiString\n\nConvert a `String` to zero-terminated, Ascii-encoded `char *`.\n\n```c++\nNAN_METHOD(foo) {\n  NanScope();\n  NanReturnValue(NanNew(*NanAsciiString(arg[0])));\n}\n```\n\n<a name="api_nan_utf8_string"></a>\n### NanUtf8String\n\nConvert a `String` to zero-terminated, Utf8-encoded `char *`.\n\n```c++\nNAN_METHOD(foo) {\n  NanScope();\n  NanReturnValue(NanNew(*NanUtf8String(arg[0])));\n}\n```\n\n<a name="api_nan_ucs2_string"></a>\n### NanUcs2String\n\nConvert a `String` to zero-terminated, Ucs2-encoded `uint16_t *`.\n\n```c++\nNAN_METHOD(foo) {\n  NanScope();\n  NanReturnValue(NanNew(*NanUcs2String(arg[0])));\n}\n```\n\n<a name="api_nan_boolean_option_value"></a>\n### bool NanBooleanOptionValue(Handle&lt;Value&gt;, Handle&lt;String&gt;[, bool])\n\nWhen you have an "options" object that you need to fetch properties from, boolean options can be fetched with this pair. They check first if the object exists (`IsEmpty`), then if the object has the given property (`Has`) then they get and convert/coerce the property to a `bool`.\n\nThe optional last parameter is the *default* value, which is `false` if left off:\n\n```c++\n// `foo` is false unless the user supplies a truthy value for it\nbool foo = NanBooleanOptionValue(optionsObj, NanNew<String>("foo"));\n// `bar` is true unless the user supplies a falsy value for it\nbool bar = NanBooleanOptionValueDefTrue(optionsObj, NanNew<String>("bar"), true);\n```\n\n<a name="api_nan_uint32_option_value"></a>\n### uint32_t NanUInt32OptionValue(Handle&lt;Value&gt;, Handle&lt;String&gt;, uint32_t)\n\nSimilar to `NanBooleanOptionValue`, use `NanUInt32OptionValue` to fetch an integer option from your options object. Can be any kind of JavaScript `Number` and it will be coerced to an unsigned 32-bit integer.\n\nRequires all 3 arguments as a default is not optional:\n\n```c++\nuint32_t count = NanUInt32OptionValue(optionsObj, NanNew<String>("count"), 1024);\n```\n\n<a name="api_nan_error"></a>\n### NanError(message), NanTypeError(message), NanRangeError(message)\n\nFor making `Error`, `TypeError` and `RangeError` objects.\n\n```c++\nLocal<Value> res = NanError("you must supply a callback argument");\n```\n\n<a name="api_nan_throw_error"></a>\n### NanThrowError(message), NanThrowTypeError(message), NanThrowRangeError(message), NanThrowError(Local&lt;Value&gt;), NanThrowError(Local&lt;Value&gt;, int)\n\nFor throwing `Error`, `TypeError` and `RangeError` objects.\n\n```c++\nNanThrowError("you must supply a callback argument");\n```\n\nCan also handle any custom object you may want to throw. If used with the error code argument, it will add the supplied error code to the error object as a property called `code`.\n\n<a name="api_nan_new_buffer_handle"></a>\n### Local&lt;Object&gt; NanNewBufferHandle(char *, uint32_t), Local&lt;Object&gt; NanNewBufferHandle(uint32_t)\n\nThe `Buffer` API has changed a little in Node 0.11, this helper provides consistent access to `Buffer` creation:\n\n```c++\nNanNewBufferHandle((char*)value.data(), value.size());\n```\n\nCan also be used to initialize a `Buffer` with just a `size` argument.\n\nCan also be supplied with a `NanFreeCallback` and a hint for the garbage collector.\n\n<a name="api_nan_buffer_use"></a>\n### Local&lt;Object&gt; NanBufferUse(char*, uint32_t)\n\n`Buffer::New(char*, uint32_t)` prior to 0.11 would make a copy of the data.\nWhile it was possible to get around this, it required a shim by passing a\ncallback. So the new API `Buffer::Use(char*, uint32_t)` was introduced to remove\nneeding to use this shim.\n\n`NanBufferUse` uses the `char*` passed as the backing data, and will free the\nmemory automatically when the weak callback is called. Keep this in mind, as\ncareless use can lead to "double free or corruption" and other cryptic failures.\n\n<a name="api_nan_has_instance"></a>\n### bool NanHasInstance(Persistent&lt;FunctionTemplate&gt;&, Handle&lt;Value&gt;)\n\nCan be used to check the type of an object to determine it is of a particular class you have already defined and have a `Persistent<FunctionTemplate>` handle for.\n\n<a name="api_nan_new_context_handle"></a>\n### Local&lt;Context&gt; NanNewContextHandle([ExtensionConfiguration*, Handle&lt;ObjectTemplate&gt;, Handle&lt;Value&gt;])\nCreates a new `Local<Context>` handle.\n\n```c++\nLocal<FunctionTemplate> ftmpl = NanNew<FunctionTemplate>();\nLocal<ObjectTemplate> otmpl = ftmpl->InstanceTemplate();\nLocal<Context> ctx =  NanNewContextHandle(NULL, otmpl);\n```\n\n<a name="api_nan_get_current_context"></a>\n### Local&lt;Context&gt; NanGetCurrentContext()\n\nGets the current context.\n\n```c++\nLocal<Context> ctx = NanGetCurrentContext();\n```\n\n<a name="api_nan_dispose_persistent"></a>\n### void NanDisposePersistent(Persistent&lt;T&gt; &)\n\nUse `NanDisposePersistent` to dispose a `Persistent` handle.\n\n```c++\nNanDisposePersistent(persistentHandle);\n```\n\n<a name="api_nan_assign_persistent"></a>\n### NanAssignPersistent(handle, object)\n\nUse `NanAssignPersistent` to assign a non-`Persistent` handle to a `Persistent` one. You can no longer just declare a `Persistent` handle and assign directly to it later, you have to `Reset` it in Node 0.11, so this makes it easier.\n\nIn general it is now better to place anything you want to protect from V8\'s garbage collector as properties of a generic `Object` and then assign that to a `Persistent`. This works in older versions of Node also if you use `NanAssignPersistent`:\n\n```c++\nPersistent<Object> persistentHandle;\n\n...\n\nLocal<Object> obj = NanNew<Object>();\nobj->Set(NanNew<String>("key"), keyHandle); // where keyHandle might be a Local<String>\nNanAssignPersistent(persistentHandle, obj)\n```\n\n<a name="api_nan_make_weak_persistent"></a>\n### _NanWeakCallbackInfo&lt;T, P&gt;* NanMakeWeakPersistent(Handle&lt;T&gt;, P*, _NanWeakCallbackInfo&lt;T, P&gt;::Callback)\n\nCreates a weak persistent handle with the supplied parameter and `NAN_WEAK_CALLBACK`.\n\n```c++\nNAN_WEAK_CALLBACK(weakCallback) {\n\n...\n\n}\n\nLocal<Function> func;\n\n...\n\nint *parameter = new int(0);\nNanMakeWeakPersistent(func, parameter, &weakCallback);\n```\n\n<a name="api_nan_set_template"></a>\n### NanSetTemplate(templ, name, value [, attributes])\n\nUse to add properties on object and function templates.\n\n<a name="api_nan_set_prototype_template"></a>\n### NanSetPrototypeTemplate(templ, name, value [, attributes])\n\nUse to add prototype properties on function templates.\n\n<a name="api_nan_set_instance_template"></a>\n### NanSetInstanceTemplate(templ, name, value [, attributes])\n\nUse to add instance properties on function templates.\n\n<a name="api_nan_make_callback"></a>\n### NanMakeCallback(target, func, argc, argv)\n\nUse instead of `node::MakeCallback` to call javascript functions. This is the only proper way of calling functions.\n\n<a name="api_nan_compile_script"></a>\n### NanCompileScript(Handle<String> s [, const ScriptOrigin&amp; origin])\n\nUse to create new scripts bound to the current context.\n\n<a name="api_nan_run_script"></a>\n### NanRunScript(script)\n\nUse to run both bound and unbound scripts.\n\n<a name="api_nan_adjust_external_memory"></a>\n### NanAdjustExternalMemory(int change_in_bytes)\n\nSimply does `AdjustAmountOfExternalAllocatedMemory`, note that the argument and returned value have type `int`.\n\n<a name="api_nan_add_gc_epilogue_callback"></a>\n### NanAddGCEpilogueCallback(GCEpilogueCallback callback, GCType gc_type_filter=kGCTypeAll)\n\nSimply does `AddGCEpilogueCallback`\n\n<a name="api_nan_add_gc_prologue_callback"></a>\n### NanAddGCPrologueCallback(GCPrologueCallback callback, GCType gc_type_filter=kGCTypeAll)\n\nSimply does `AddGCPrologueCallback`\n\n<a name="api_nan_remove_gc_epilogue_callback"></a>\n### NanRemoveGCEpilogueCallback(GCEpilogueCallback callback)\n\nSimply does `RemoveGCEpilogueCallback`\n\n<a name="api_nan_remove_gc_prologue_callback"></a>\n### NanRemoveGCPrologueCallback(GCPrologueCallback callback)\n\nSimply does `RemoveGCPrologueCallback`\n\n<a name="api_nan_get_heap_statistics"></a>\n### NanGetHeapStatistics(HeapStatistics *heap_statistics)\n\nSimply does `GetHeapStatistics`\n\n<a name="api_nan_callback"></a>\n### NanCallback\n\nBecause of the difficulties imposed by the changes to `Persistent` handles in V8 in Node 0.11, creating `Persistent` versions of your `Handle<Function>` is annoyingly tricky. `NanCallback` makes it easier by taking your handle, making it persistent until the `NanCallback` is deleted and even providing a handy `Call()` method to fetch and execute the callback `Function`.\n\n```c++\nLocal<Function> callbackHandle = args[0].As<Function>();\nNanCallback *callback = new NanCallback(callbackHandle);\n// pass `callback` around and it\'s safe from GC until you:\ndelete callback;\n```\n\nYou can execute the callback like so:\n\n```c++\n// no arguments:\ncallback->Call(0, NULL);\n\n// an error argument:\nHandle<Value> argv[] = {\n  NanError(NanNew<String>("fail!"))\n};\ncallback->Call(1, argv);\n\n// a success argument:\nHandle<Value> argv[] = {\n  NanNull(),\n  NanNew<String>("w00t!")\n};\ncallback->Call(2, argv);\n```\n\n`NanCallback` also has a `Local<Function> GetCallback()` method that you can use\nto fetch a local handle to the underlying callback function, as well  as a\n`void SetFunction(Handle<Function>)` for setting the callback on the\n`NanCallback`. You can check if a `NanCallback` is empty with the `bool IsEmpty()` method. Additionally a generic constructor is available for using\n`NanCallback` without performing heap allocations.\n\n<a name="api_nan_async_worker"></a>\n### NanAsyncWorker\n\n`NanAsyncWorker` is an abstract class that you can subclass to have much of the annoying async queuing and handling taken care of for you. It can even store arbitrary V8 objects for you and have them persist while the async work is in progress.\n\nSee a rough outline of the implementation:\n\n```c++\nclass NanAsyncWorker {\npublic:\n  NanAsyncWorker (NanCallback *callback);\n\n  // Clean up persistent handles and delete the *callback\n  virtual ~NanAsyncWorker ();\n\n  // Check the `ErrorMessage()` and call HandleOKCallback()\n  // or HandleErrorCallback depending on whether it has been set or not\n  virtual void WorkComplete ();\n\n  // You must implement this to do some async work. If there is an\n  // error then use `SetErrorMessage()` to set an error message and the callback will\n  // be passed that string in an Error object\n  virtual void Execute ();\n\n  // Save a V8 object in a Persistent handle to protect it from GC\n  void SaveToPersistent(const char *key, Local<Object> &obj);\n\n  // Fetch a stored V8 object (don\'t call from within `Execute()`)\n  Local<Object> GetFromPersistent(const char *key);\n\n  // Get the error message (or NULL)\n  const char *ErrorMessage();\n\n  // Set an error message\n  void SetErrorMessage(const char *msg);\n\nprotected:\n  // Default implementation calls the callback function with no arguments.\n  // Override this to return meaningful data\n  virtual void HandleOKCallback ();\n\n  // Default implementation calls the callback function with an Error object\n  // wrapping the `errmsg` string\n  virtual void HandleErrorCallback ();\n};\n```\n\n<a name="api_nan_async_queue_worker"></a>\n### NanAsyncQueueWorker(NanAsyncWorker *)\n\n`NanAsyncQueueWorker` will run a `NanAsyncWorker` asynchronously via libuv. Both the *execute* and *after_work* steps are taken care of for you&mdash;most of the logic for this is embedded in `NanAsyncWorker`.\n\n### Contributors\n\nNAN is only possible due to the excellent work of the following contributors:\n\n<table><tbody>\n<tr><th align="left">Rod Vagg</th><td><a href="https://github.com/rvagg">GitHub/rvagg</a></td><td><a href="http://twitter.com/rvagg">Twitter/@rvagg</a></td></tr>\n<tr><th align="left">Benjamin Byholm</th><td><a href="https://github.com/kkoopa/">GitHub/kkoopa</a></td><td>-</td></tr>\n<tr><th align="left">Trevor Norris</th><td><a href="https://github.com/trevnorris">GitHub/trevnorris</a></td><td><a href="http://twitter.com/trevnorris">Twitter/@trevnorris</a></td></tr>\n<tr><th align="left">Nathan Rajlich</th><td><a href="https://github.com/TooTallNate">GitHub/TooTallNate</a></td><td><a href="http://twitter.com/TooTallNate">Twitter/@TooTallNate</a></td></tr>\n<tr><th align="left">Brett Lawson</th><td><a href="https://github.com/brett19">GitHub/brett19</a></td><td><a href="http://twitter.com/brett19x">Twitter/@brett19x</a></td></tr>\n<tr><th align="left">Ben Noordhuis</th><td><a href="https://github.com/bnoordhuis">GitHub/bnoordhuis</a></td><td><a href="http://twitter.com/bnoordhuis">Twitter/@bnoordhuis</a></td></tr>\n</tbody></table>\n\nLicence &amp; copyright\n-----------------------\n\nCopyright (c) 2014 NAN contributors (listed above).\n\nNative Abstractions for Node.js is licensed under an MIT +no-false-attribs license. All rights not explicitly granted in the MIT license are reserved. See the included LICENSE file for more details.\n',
421 silly resolved     readmeFilename: 'README.md',
421 silly resolved     bugs: { url: 'https://github.com/rvagg/nan/issues' },
421 silly resolved     homepage: 'https://github.com/rvagg/nan',
421 silly resolved     _id: 'nan@1.3.0',
421 silly resolved     _from: 'nan@~1.3.0' } ]
422 info install bindings@1.2.1 into e:\nodejs\global\node_modules\node-expat
423 info install nan@1.3.0 into e:\nodejs\global\node_modules\node-expat
424 info installOne bindings@1.2.1
425 info installOne nan@1.3.0
426 info e:\nodejs\global\node_modules\node-expat\node_modules\bindings unbuild
427 info e:\nodejs\global\node_modules\node-expat\node_modules\nan unbuild
428 verbose tar unpack c:\Users\Administrator\AppData\Roaming\npm-cache\bindings\1.2.1\package.tgz
429 silly lockFile b0e3162a-node-expat-node-modules-bindings tar://e:\nodejs\global\node_modules\node-expat\node_modules\bindings
430 verbose lock tar://e:\nodejs\global\node_modules\node-expat\node_modules\bindings C:\Users\Administrator\AppData\Roaming\npm-cache\b0e3162a-node-expat-node-modules-bindings.lock
431 silly lockFile 0b47bef1-cache-bindings-1-2-1-package-tgz tar://c:\Users\Administrator\AppData\Roaming\npm-cache\bindings\1.2.1\package.tgz
432 verbose lock tar://c:\Users\Administrator\AppData\Roaming\npm-cache\bindings\1.2.1\package.tgz C:\Users\Administrator\AppData\Roaming\npm-cache\0b47bef1-cache-bindings-1-2-1-package-tgz.lock
433 verbose tar unpack c:\Users\Administrator\AppData\Roaming\npm-cache\nan\1.3.0\package.tgz
434 silly lockFile a4363d05-ules-node-expat-node-modules-nan tar://e:\nodejs\global\node_modules\node-expat\node_modules\nan
435 verbose lock tar://e:\nodejs\global\node_modules\node-expat\node_modules\nan C:\Users\Administrator\AppData\Roaming\npm-cache\a4363d05-ules-node-expat-node-modules-nan.lock
436 silly lockFile 206c48e8--npm-cache-nan-1-3-0-package-tgz tar://c:\Users\Administrator\AppData\Roaming\npm-cache\nan\1.3.0\package.tgz
437 verbose lock tar://c:\Users\Administrator\AppData\Roaming\npm-cache\nan\1.3.0\package.tgz C:\Users\Administrator\AppData\Roaming\npm-cache\206c48e8--npm-cache-nan-1-3-0-package-tgz.lock
438 silly gunzTarPerm modes [ '755', '644' ]
439 silly gunzTarPerm modes [ '755', '644' ]
440 silly gunzTarPerm extractEntry package.json
441 silly gunzTarPerm modified mode [ 'package.json', 438, 420 ]
442 silly gunzTarPerm extractEntry package.json
443 silly gunzTarPerm modified mode [ 'package.json', 438, 420 ]
444 silly gunzTarPerm extractEntry README.md
445 silly gunzTarPerm modified mode [ 'README.md', 438, 420 ]
446 silly gunzTarPerm extractEntry bindings.js
447 silly gunzTarPerm modified mode [ 'bindings.js', 438, 420 ]
448 silly gunzTarPerm extractEntry README.md
449 silly gunzTarPerm modified mode [ 'README.md', 438, 420 ]
450 silly gunzTarPerm extractEntry LICENSE
451 silly gunzTarPerm modified mode [ 'LICENSE', 438, 420 ]
452 silly gunzTarPerm extractEntry include_dirs.js
453 silly gunzTarPerm modified mode [ 'include_dirs.js', 438, 420 ]
454 silly gunzTarPerm extractEntry .dntrc
455 silly gunzTarPerm modified mode [ '.dntrc', 438, 420 ]
456 silly lockFile b0e3162a-node-expat-node-modules-bindings tar://e:\nodejs\global\node_modules\node-expat\node_modules\bindings
457 silly lockFile b0e3162a-node-expat-node-modules-bindings tar://e:\nodejs\global\node_modules\node-expat\node_modules\bindings
458 silly lockFile 0b47bef1-cache-bindings-1-2-1-package-tgz tar://c:\Users\Administrator\AppData\Roaming\npm-cache\bindings\1.2.1\package.tgz
459 silly lockFile 0b47bef1-cache-bindings-1-2-1-package-tgz tar://c:\Users\Administrator\AppData\Roaming\npm-cache\bindings\1.2.1\package.tgz
460 info preinstall bindings@1.2.1
461 verbose readDependencies using package.json deps
462 verbose readDependencies using package.json deps
463 silly resolved []
464 verbose about to build e:\nodejs\global\node_modules\node-expat\node_modules\bindings
465 info build e:\nodejs\global\node_modules\node-expat\node_modules\bindings
466 verbose linkStuff [ true,
466 verbose linkStuff   'e:\\nodejs\\global\\node_modules',
466 verbose linkStuff   false,
466 verbose linkStuff   'e:\\nodejs\\global\\node_modules\\node-expat\\node_modules' ]
467 info linkStuff bindings@1.2.1
468 silly gunzTarPerm extractEntry CHANGELOG.md
469 silly gunzTarPerm modified mode [ 'CHANGELOG.md', 438, 420 ]
470 silly gunzTarPerm extractEntry appveyor.yml
471 silly gunzTarPerm modified mode [ 'appveyor.yml', 438, 420 ]
472 verbose linkBins bindings@1.2.1
473 verbose linkMans bindings@1.2.1
474 verbose rebuildBundles bindings@1.2.1
475 info install bindings@1.2.1
476 info postinstall bindings@1.2.1
477 silly gunzTarPerm extractEntry nan.h
478 silly gunzTarPerm modified mode [ 'nan.h', 438, 420 ]
479 silly lockFile a4363d05-ules-node-expat-node-modules-nan tar://e:\nodejs\global\node_modules\node-expat\node_modules\nan
480 silly lockFile a4363d05-ules-node-expat-node-modules-nan tar://e:\nodejs\global\node_modules\node-expat\node_modules\nan
481 silly lockFile 206c48e8--npm-cache-nan-1-3-0-package-tgz tar://c:\Users\Administrator\AppData\Roaming\npm-cache\nan\1.3.0\package.tgz
482 silly lockFile 206c48e8--npm-cache-nan-1-3-0-package-tgz tar://c:\Users\Administrator\AppData\Roaming\npm-cache\nan\1.3.0\package.tgz
483 info preinstall nan@1.3.0
484 verbose readDependencies using package.json deps
485 verbose readDependencies using package.json deps
486 silly resolved []
487 verbose about to build e:\nodejs\global\node_modules\node-expat\node_modules\nan
488 info build e:\nodejs\global\node_modules\node-expat\node_modules\nan
489 verbose linkStuff [ true,
489 verbose linkStuff   'e:\\nodejs\\global\\node_modules',
489 verbose linkStuff   false,
489 verbose linkStuff   'e:\\nodejs\\global\\node_modules\\node-expat\\node_modules' ]
490 info linkStuff nan@1.3.0
491 verbose linkBins nan@1.3.0
492 verbose linkMans nan@1.3.0
493 verbose rebuildBundles nan@1.3.0
494 info install nan@1.3.0
495 info postinstall nan@1.3.0
496 verbose about to build e:\nodejs\global\node_modules\node-expat
497 info build e:\nodejs\global\node_modules\node-expat
498 verbose linkStuff [ true,
498 verbose linkStuff   'e:\\nodejs\\global\\node_modules',
498 verbose linkStuff   true,
498 verbose linkStuff   'e:\\nodejs\\global\\node_modules' ]
499 info linkStuff node-expat@2.3.2
500 verbose linkBins node-expat@2.3.2
501 verbose linkMans node-expat@2.3.2
502 verbose rebuildBundles node-expat@2.3.2
503 verbose rebuildBundles [ 'bindings', 'nan' ]
504 info install node-expat@2.3.2
505 verbose unsafe-perm in lifecycle true
506 info node-expat@2.3.2 Failed to exec install script
507 info e:\nodejs\global\node_modules\node-expat unbuild
508 info preuninstall node-expat@2.3.2
509 info uninstall node-expat@2.3.2
510 verbose true,e:\nodejs\global\node_modules,e:\nodejs\global\node_modules unbuild node-expat@2.3.2
511 info postuninstall node-expat@2.3.2
512 error node-expat@2.3.2 install: `node-gyp rebuild`
512 error Exit status 1
513 error Failed at the node-expat@2.3.2 install script.
513 error This is most likely a problem with the node-expat package,
513 error not with npm itself.
513 error Tell the author that this fails on your system:
513 error     node-gyp rebuild
513 error You can get their info via:
513 error     npm owner ls node-expat
513 error There is likely additional logging output above.
514 error System Windows_NT 6.1.7601
515 error command "E:\\nodejs\\\\node.exe" "E:\\nodejs\\node_modules\\npm\\bin\\npm-cli.js" "install" "-g" "node-expat"
516 error cwd e:\mabodev\mabotree
517 error node -v v0.11.14-nightly-20140819-pre
518 error npm -v 1.4.6
519 error code ELIFECYCLE
520 verbose exit [ 1, true ]
